{"/home/mit/projects/PFE/CoursePalette/src/components/ai/lazy.ts": {"path":"/home/mit/projects/PFE/CoursePalette/src/components/ai/lazy.ts","statementMap":{"0":{"start":{"line":32,"column":13},"end":{"line":35,"column":null}},"1":{"start":{"line":33,"column":2},"end":{"line":35,"column":null}},"2":{"start":{"line":33,"column":52},"end":{"line":35,"column":null}},"3":{"start":{"line":42,"column":13},"end":{"line":45,"column":null}},"4":{"start":{"line":43,"column":2},"end":{"line":45,"column":null}},"5":{"start":{"line":43,"column":57},"end":{"line":45,"column":null}},"6":{"start":{"line":52,"column":13},"end":{"line":55,"column":null}},"7":{"start":{"line":53,"column":2},"end":{"line":55,"column":null}},"8":{"start":{"line":53,"column":55},"end":{"line":55,"column":null}},"9":{"start":{"line":66,"column":13},"end":{"line":69,"column":null}},"10":{"start":{"line":67,"column":2},"end":{"line":69,"column":null}},"11":{"start":{"line":67,"column":60},"end":{"line":69,"column":null}},"12":{"start":{"line":76,"column":13},"end":{"line":79,"column":null}},"13":{"start":{"line":77,"column":2},"end":{"line":79,"column":null}},"14":{"start":{"line":77,"column":57},"end":{"line":79,"column":null}},"15":{"start":{"line":86,"column":13},"end":{"line":89,"column":null}},"16":{"start":{"line":87,"column":2},"end":{"line":89,"column":null}},"17":{"start":{"line":87,"column":55},"end":{"line":89,"column":null}},"18":{"start":{"line":100,"column":13},"end":{"line":103,"column":null}},"19":{"start":{"line":101,"column":2},"end":{"line":103,"column":null}},"20":{"start":{"line":101,"column":60},"end":{"line":103,"column":null}},"21":{"start":{"line":114,"column":13},"end":{"line":117,"column":null}},"22":{"start":{"line":115,"column":2},"end":{"line":117,"column":null}},"23":{"start":{"line":115,"column":62},"end":{"line":117,"column":null}},"24":{"start":{"line":124,"column":13},"end":{"line":127,"column":null}},"25":{"start":{"line":125,"column":2},"end":{"line":127,"column":null}},"26":{"start":{"line":125,"column":66},"end":{"line":127,"column":null}},"27":{"start":{"line":134,"column":13},"end":{"line":137,"column":null}},"28":{"start":{"line":135,"column":2},"end":{"line":137,"column":null}},"29":{"start":{"line":135,"column":66},"end":{"line":137,"column":null}},"30":{"start":{"line":144,"column":13},"end":{"line":147,"column":null}},"31":{"start":{"line":145,"column":2},"end":{"line":147,"column":null}},"32":{"start":{"line":145,"column":61},"end":{"line":147,"column":null}}},"fnMap":{"0":{"name":"(anonymous_0)","decl":{"start":{"line":32,"column":34},"end":{"line":32,"column":null}},"loc":{"start":{"line":33,"column":2},"end":{"line":35,"column":null}},"line":33},"1":{"name":"(anonymous_1)","decl":{"start":{"line":33,"column":52},"end":{"line":33,"column":null}},"loc":{"start":{"line":33,"column":52},"end":{"line":35,"column":null}},"line":33},"2":{"name":"(anonymous_2)","decl":{"start":{"line":42,"column":39},"end":{"line":42,"column":null}},"loc":{"start":{"line":43,"column":2},"end":{"line":45,"column":null}},"line":43},"3":{"name":"(anonymous_3)","decl":{"start":{"line":43,"column":57},"end":{"line":43,"column":null}},"loc":{"start":{"line":43,"column":57},"end":{"line":45,"column":null}},"line":43},"4":{"name":"(anonymous_4)","decl":{"start":{"line":52,"column":37},"end":{"line":52,"column":null}},"loc":{"start":{"line":53,"column":2},"end":{"line":55,"column":null}},"line":53},"5":{"name":"(anonymous_5)","decl":{"start":{"line":53,"column":55},"end":{"line":53,"column":null}},"loc":{"start":{"line":53,"column":55},"end":{"line":55,"column":null}},"line":53},"6":{"name":"(anonymous_6)","decl":{"start":{"line":66,"column":39},"end":{"line":66,"column":null}},"loc":{"start":{"line":67,"column":2},"end":{"line":69,"column":null}},"line":67},"7":{"name":"(anonymous_7)","decl":{"start":{"line":67,"column":60},"end":{"line":67,"column":null}},"loc":{"start":{"line":67,"column":60},"end":{"line":69,"column":null}},"line":67},"8":{"name":"(anonymous_8)","decl":{"start":{"line":76,"column":36},"end":{"line":76,"column":null}},"loc":{"start":{"line":77,"column":2},"end":{"line":79,"column":null}},"line":77},"9":{"name":"(anonymous_9)","decl":{"start":{"line":77,"column":57},"end":{"line":77,"column":null}},"loc":{"start":{"line":77,"column":57},"end":{"line":79,"column":null}},"line":77},"10":{"name":"(anonymous_10)","decl":{"start":{"line":86,"column":34},"end":{"line":86,"column":null}},"loc":{"start":{"line":87,"column":2},"end":{"line":89,"column":null}},"line":87},"11":{"name":"(anonymous_11)","decl":{"start":{"line":87,"column":55},"end":{"line":87,"column":null}},"loc":{"start":{"line":87,"column":55},"end":{"line":89,"column":null}},"line":87},"12":{"name":"(anonymous_12)","decl":{"start":{"line":100,"column":37},"end":{"line":100,"column":null}},"loc":{"start":{"line":101,"column":2},"end":{"line":103,"column":null}},"line":101},"13":{"name":"(anonymous_13)","decl":{"start":{"line":101,"column":60},"end":{"line":101,"column":null}},"loc":{"start":{"line":101,"column":60},"end":{"line":103,"column":null}},"line":101},"14":{"name":"(anonymous_14)","decl":{"start":{"line":114,"column":41},"end":{"line":114,"column":null}},"loc":{"start":{"line":115,"column":2},"end":{"line":117,"column":null}},"line":115},"15":{"name":"(anonymous_15)","decl":{"start":{"line":115,"column":62},"end":{"line":115,"column":null}},"loc":{"start":{"line":115,"column":62},"end":{"line":117,"column":null}},"line":115},"16":{"name":"(anonymous_16)","decl":{"start":{"line":124,"column":45},"end":{"line":124,"column":null}},"loc":{"start":{"line":125,"column":2},"end":{"line":127,"column":null}},"line":125},"17":{"name":"(anonymous_17)","decl":{"start":{"line":125,"column":66},"end":{"line":125,"column":null}},"loc":{"start":{"line":125,"column":66},"end":{"line":127,"column":null}},"line":125},"18":{"name":"(anonymous_18)","decl":{"start":{"line":134,"column":45},"end":{"line":134,"column":null}},"loc":{"start":{"line":135,"column":2},"end":{"line":137,"column":null}},"line":135},"19":{"name":"(anonymous_19)","decl":{"start":{"line":135,"column":66},"end":{"line":135,"column":null}},"loc":{"start":{"line":135,"column":66},"end":{"line":137,"column":null}},"line":135},"20":{"name":"(anonymous_20)","decl":{"start":{"line":144,"column":40},"end":{"line":144,"column":null}},"loc":{"start":{"line":145,"column":2},"end":{"line":147,"column":null}},"line":145},"21":{"name":"(anonymous_21)","decl":{"start":{"line":145,"column":61},"end":{"line":145,"column":null}},"loc":{"start":{"line":145,"column":61},"end":{"line":147,"column":null}},"line":145}},"branchMap":{},"s":{"0":1,"1":0,"2":0,"3":1,"4":0,"5":0,"6":1,"7":0,"8":0,"9":1,"10":0,"11":0,"12":1,"13":0,"14":0,"15":1,"16":0,"17":0,"18":1,"19":0,"20":0,"21":1,"22":0,"23":0,"24":1,"25":0,"26":0,"27":1,"28":0,"29":0,"30":1,"31":0,"32":0},"f":{"0":0,"1":0,"2":0,"3":0,"4":0,"5":0,"6":0,"7":0,"8":0,"9":0,"10":0,"11":0,"12":0,"13":0,"14":0,"15":0,"16":0,"17":0,"18":0,"19":0,"20":0,"21":0},"b":{},"meta":{"lastBranch":0,"lastFunction":22,"lastStatement":33,"seen":{"s:32:13:35:Infinity":0,"f:32:34:32:Infinity":0,"s:33:2:35:Infinity":1,"f:33:52:33:Infinity":1,"s:33:52:35:Infinity":2,"s:42:13:45:Infinity":3,"f:42:39:42:Infinity":2,"s:43:2:45:Infinity":4,"f:43:57:43:Infinity":3,"s:43:57:45:Infinity":5,"s:52:13:55:Infinity":6,"f:52:37:52:Infinity":4,"s:53:2:55:Infinity":7,"f:53:55:53:Infinity":5,"s:53:55:55:Infinity":8,"s:66:13:69:Infinity":9,"f:66:39:66:Infinity":6,"s:67:2:69:Infinity":10,"f:67:60:67:Infinity":7,"s:67:60:69:Infinity":11,"s:76:13:79:Infinity":12,"f:76:36:76:Infinity":8,"s:77:2:79:Infinity":13,"f:77:57:77:Infinity":9,"s:77:57:79:Infinity":14,"s:86:13:89:Infinity":15,"f:86:34:86:Infinity":10,"s:87:2:89:Infinity":16,"f:87:55:87:Infinity":11,"s:87:55:89:Infinity":17,"s:100:13:103:Infinity":18,"f:100:37:100:Infinity":12,"s:101:2:103:Infinity":19,"f:101:60:101:Infinity":13,"s:101:60:103:Infinity":20,"s:114:13:117:Infinity":21,"f:114:41:114:Infinity":14,"s:115:2:117:Infinity":22,"f:115:62:115:Infinity":15,"s:115:62:117:Infinity":23,"s:124:13:127:Infinity":24,"f:124:45:124:Infinity":16,"s:125:2:127:Infinity":25,"f:125:66:125:Infinity":17,"s:125:66:127:Infinity":26,"s:134:13:137:Infinity":27,"f:134:45:134:Infinity":18,"s:135:2:137:Infinity":28,"f:135:66:135:Infinity":19,"s:135:66:137:Infinity":29,"s:144:13:147:Infinity":30,"f:144:40:144:Infinity":20,"s:145:2:147:Infinity":31,"f:145:61:145:Infinity":21,"s:145:61:147:Infinity":32}}}
,"/home/mit/projects/PFE/CoursePalette/src/components/ai/Common/AiLoadingFallback.tsx": {"path":"/home/mit/projects/PFE/CoursePalette/src/components/ai/Common/AiLoadingFallback.tsx","statementMap":{"0":{"start":{"line":48,"column":2},"end":{"line":61,"column":null}},"1":{"start":{"line":71,"column":2},"end":{"line":81,"column":null}},"2":{"start":{"line":73,"column":6},"end":{"line":73,"column":null}},"3":{"start":{"line":75,"column":6},"end":{"line":75,"column":null}},"4":{"start":{"line":77,"column":6},"end":{"line":77,"column":null}},"5":{"start":{"line":80,"column":6},"end":{"line":80,"column":null}},"6":{"start":{"line":90,"column":2},"end":{"line":121,"column":null}},"7":{"start":{"line":127,"column":2},"end":{"line":146,"column":null}},"8":{"start":{"line":152,"column":2},"end":{"line":163,"column":null}},"9":{"start":{"line":171,"column":2},"end":{"line":174,"column":null}}},"fnMap":{"0":{"name":"AiLoadingFallback","decl":{"start":{"line":43,"column":16},"end":{"line":43,"column":34}},"loc":{"start":{"line":46,"column":10},"end":{"line":64,"column":null}},"line":46},"1":{"name":"getVariantClasses","decl":{"start":{"line":70,"column":9},"end":{"line":70,"column":27}},"loc":{"start":{"line":70,"column":27},"end":{"line":82,"column":null}},"line":70},"2":{"name":"PanelSkeleton","decl":{"start":{"line":89,"column":9},"end":{"line":89,"column":null}},"loc":{"start":{"line":89,"column":9},"end":{"line":123,"column":null}},"line":89},"3":{"name":"ModalSkeleton","decl":{"start":{"line":126,"column":9},"end":{"line":126,"column":null}},"loc":{"start":{"line":126,"column":9},"end":{"line":148,"column":null}},"line":126},"4":{"name":"CardSkeleton","decl":{"start":{"line":151,"column":9},"end":{"line":151,"column":null}},"loc":{"start":{"line":151,"column":9},"end":{"line":167,"column":null}},"line":151},"5":{"name":"InlineSkeleton","decl":{"start":{"line":170,"column":9},"end":{"line":170,"column":null}},"loc":{"start":{"line":170,"column":9},"end":{"line":177,"column":null}},"line":170}},"branchMap":{"0":{"loc":{"start":{"line":44,"column":2},"end":{"line":44,"column":null}},"type":"default-arg","locations":[{"start":{"line":44,"column":12},"end":{"line":44,"column":null}}],"line":44},"1":{"loc":{"start":{"line":46,"column":2},"end":{"line":46,"column":null}},"type":"default-arg","locations":[{"start":{"line":46,"column":10},"end":{"line":46,"column":null}}],"line":46},"2":{"loc":{"start":{"line":55,"column":7},"end":{"line":55,"column":null}},"type":"binary-expr","locations":[{"start":{"line":55,"column":7},"end":{"line":55,"column":30}},{"start":{"line":55,"column":30},"end":{"line":55,"column":null}}],"line":55},"3":{"loc":{"start":{"line":56,"column":7},"end":{"line":56,"column":null}},"type":"binary-expr","locations":[{"start":{"line":56,"column":7},"end":{"line":56,"column":30}},{"start":{"line":56,"column":30},"end":{"line":56,"column":null}}],"line":56},"4":{"loc":{"start":{"line":57,"column":7},"end":{"line":57,"column":null}},"type":"binary-expr","locations":[{"start":{"line":57,"column":7},"end":{"line":57,"column":29}},{"start":{"line":57,"column":29},"end":{"line":57,"column":null}}],"line":57},"5":{"loc":{"start":{"line":58,"column":7},"end":{"line":58,"column":null}},"type":"binary-expr","locations":[{"start":{"line":58,"column":7},"end":{"line":58,"column":31}},{"start":{"line":58,"column":31},"end":{"line":58,"column":null}}],"line":58},"6":{"loc":{"start":{"line":71,"column":2},"end":{"line":81,"column":null}},"type":"switch","locations":[{"start":{"line":72,"column":4},"end":{"line":73,"column":null}},{"start":{"line":74,"column":4},"end":{"line":75,"column":null}},{"start":{"line":76,"column":4},"end":{"line":77,"column":null}},{"start":{"line":78,"column":4},"end":{"line":78,"column":null}},{"start":{"line":79,"column":4},"end":{"line":80,"column":null}}],"line":71}},"s":{"0":0,"1":0,"2":0,"3":0,"4":0,"5":0,"6":0,"7":0,"8":0,"9":0},"f":{"0":0,"1":0,"2":0,"3":0,"4":0,"5":0},"b":{"0":[0],"1":[0],"2":[0,0],"3":[0,0],"4":[0,0],"5":[0,0],"6":[0,0,0,0,0]},"meta":{"lastBranch":7,"lastFunction":6,"lastStatement":10,"seen":{"f:43:16:43:34":0,"b:44:12:44:Infinity":0,"b:46:10:46:Infinity":1,"s:48:2:61:Infinity":0,"b:55:7:55:30:55:30:55:Infinity":2,"b:56:7:56:30:56:30:56:Infinity":3,"b:57:7:57:29:57:29:57:Infinity":4,"b:58:7:58:31:58:31:58:Infinity":5,"f:70:9:70:27":1,"b:72:4:73:Infinity:74:4:75:Infinity:76:4:77:Infinity:78:4:78:Infinity:79:4:80:Infinity":6,"s:71:2:81:Infinity":1,"s:73:6:73:Infinity":2,"s:75:6:75:Infinity":3,"s:77:6:77:Infinity":4,"s:80:6:80:Infinity":5,"f:89:9:89:Infinity":2,"s:90:2:121:Infinity":6,"f:126:9:126:Infinity":3,"s:127:2:146:Infinity":7,"f:151:9:151:Infinity":4,"s:152:2:163:Infinity":8,"f:170:9:170:Infinity":5,"s:171:2:174:Infinity":9}}}
,"/home/mit/projects/PFE/CoursePalette/src/components/ai/Common/MarkdownRenderer.tsx": {"path":"/home/mit/projects/PFE/CoursePalette/src/components/ai/Common/MarkdownRenderer.tsx","statementMap":{"0":{"start":{"line":47,"column":2},"end":{"line":195,"column":null}},"1":{"start":{"line":50,"column":6},"end":{"line":52,"column":null}},"2":{"start":{"line":55,"column":6},"end":{"line":57,"column":null}},"3":{"start":{"line":60,"column":6},"end":{"line":62,"column":null}},"4":{"start":{"line":65,"column":6},"end":{"line":67,"column":null}},"5":{"start":{"line":70,"column":6},"end":{"line":72,"column":null}},"6":{"start":{"line":75,"column":6},"end":{"line":77,"column":null}},"7":{"start":{"line":82,"column":6},"end":{"line":84,"column":null}},"8":{"start":{"line":89,"column":6},"end":{"line":91,"column":null}},"9":{"start":{"line":94,"column":6},"end":{"line":96,"column":null}},"10":{"start":{"line":98,"column":26},"end":{"line":98,"column":null}},"11":{"start":{"line":102,"column":6},"end":{"line":102,"column":null}},"12":{"start":{"line":105,"column":6},"end":{"line":105,"column":null}},"13":{"start":{"line":110,"column":6},"end":{"line":112,"column":null}},"14":{"start":{"line":116,"column":14},"end":{"line":116,"column":null}},"15":{"start":{"line":121,"column":8},"end":{"line":122,"column":null}},"16":{"start":{"line":123,"column":6},"end":{"line":131,"column":null}},"17":{"start":{"line":138,"column":20},"end":{"line":138,"column":null}},"18":{"start":{"line":139,"column":23},"end":{"line":139,"column":null}},"19":{"start":{"line":140,"column":22},"end":{"line":140,"column":null}},"20":{"start":{"line":142,"column":6},"end":{"line":156,"column":null}},"21":{"start":{"line":143,"column":8},"end":{"line":154,"column":null}},"22":{"start":{"line":159,"column":6},"end":{"line":165,"column":null}},"23":{"start":{"line":171,"column":6},"end":{"line":173,"column":null}},"24":{"start":{"line":178,"column":6},"end":{"line":180,"column":null}},"25":{"start":{"line":182,"column":29},"end":{"line":182,"column":null}},"26":{"start":{"line":183,"column":29},"end":{"line":183,"column":null}},"27":{"start":{"line":185,"column":6},"end":{"line":185,"column":null}},"28":{"start":{"line":188,"column":6},"end":{"line":190,"column":null}},"29":{"start":{"line":193,"column":6},"end":{"line":193,"column":null}},"30":{"start":{"line":199,"column":28},"end":{"line":199,"column":null}},"31":{"start":{"line":203,"column":23},"end":{"line":203,"column":null}},"32":{"start":{"line":204,"column":23},"end":{"line":204,"column":null}},"33":{"start":{"line":225,"column":13},"end":{"line":253,"column":null}},"34":{"start":{"line":232,"column":8},"end":{"line":232,"column":null}},"35":{"start":{"line":235,"column":26},"end":{"line":235,"column":null}},"36":{"start":{"line":237,"column":2},"end":{"line":251,"column":null}}},"fnMap":{"0":{"name":"buildComponents","decl":{"start":{"line":46,"column":9},"end":{"line":46,"column":null}},"loc":{"start":{"line":46,"column":9},"end":{"line":196,"column":null}},"line":46},"1":{"name":"(anonymous_1)","decl":{"start":{"line":49,"column":4},"end":{"line":49,"column":9}},"loc":{"start":{"line":50,"column":6},"end":{"line":52,"column":null}},"line":50},"2":{"name":"(anonymous_2)","decl":{"start":{"line":54,"column":4},"end":{"line":54,"column":9}},"loc":{"start":{"line":55,"column":6},"end":{"line":57,"column":null}},"line":55},"3":{"name":"(anonymous_3)","decl":{"start":{"line":59,"column":4},"end":{"line":59,"column":9}},"loc":{"start":{"line":60,"column":6},"end":{"line":62,"column":null}},"line":60},"4":{"name":"(anonymous_4)","decl":{"start":{"line":64,"column":4},"end":{"line":64,"column":9}},"loc":{"start":{"line":65,"column":6},"end":{"line":67,"column":null}},"line":65},"5":{"name":"(anonymous_5)","decl":{"start":{"line":69,"column":4},"end":{"line":69,"column":9}},"loc":{"start":{"line":70,"column":6},"end":{"line":72,"column":null}},"line":70},"6":{"name":"(anonymous_6)","decl":{"start":{"line":74,"column":4},"end":{"line":74,"column":9}},"loc":{"start":{"line":75,"column":6},"end":{"line":77,"column":null}},"line":75},"7":{"name":"(anonymous_7)","decl":{"start":{"line":81,"column":4},"end":{"line":81,"column":8}},"loc":{"start":{"line":82,"column":6},"end":{"line":84,"column":null}},"line":82},"8":{"name":"(anonymous_8)","decl":{"start":{"line":88,"column":4},"end":{"line":88,"column":9}},"loc":{"start":{"line":89,"column":6},"end":{"line":91,"column":null}},"line":89},"9":{"name":"(anonymous_9)","decl":{"start":{"line":93,"column":4},"end":{"line":93,"column":9}},"loc":{"start":{"line":94,"column":6},"end":{"line":96,"column":null}},"line":94},"10":{"name":"(anonymous_10)","decl":{"start":{"line":98,"column":4},"end":{"line":98,"column":9}},"loc":{"start":{"line":98,"column":26},"end":{"line":98,"column":null}},"line":98},"11":{"name":"(anonymous_11)","decl":{"start":{"line":101,"column":4},"end":{"line":101,"column":13}},"loc":{"start":{"line":102,"column":6},"end":{"line":102,"column":null}},"line":102},"12":{"name":"(anonymous_12)","decl":{"start":{"line":104,"column":4},"end":{"line":104,"column":9}},"loc":{"start":{"line":105,"column":6},"end":{"line":105,"column":null}},"line":105},"13":{"name":"(anonymous_13)","decl":{"start":{"line":109,"column":4},"end":{"line":109,"column":17}},"loc":{"start":{"line":110,"column":6},"end":{"line":112,"column":null}},"line":110},"14":{"name":"(anonymous_14)","decl":{"start":{"line":116,"column":4},"end":{"line":116,"column":14}},"loc":{"start":{"line":116,"column":14},"end":{"line":116,"column":null}},"line":116},"15":{"name":"(anonymous_15)","decl":{"start":{"line":119,"column":4},"end":{"line":119,"column":8}},"loc":{"start":{"line":119,"column":16},"end":{"line":133,"column":null}},"line":119},"16":{"name":"(anonymous_16)","decl":{"start":{"line":137,"column":4},"end":{"line":137,"column":11}},"loc":{"start":{"line":137,"column":37},"end":{"line":167,"column":null}},"line":137},"17":{"name":"(anonymous_17)","decl":{"start":{"line":170,"column":4},"end":{"line":170,"column":10}},"loc":{"start":{"line":171,"column":6},"end":{"line":173,"column":null}},"line":171},"18":{"name":"(anonymous_18)","decl":{"start":{"line":177,"column":4},"end":{"line":177,"column":12}},"loc":{"start":{"line":178,"column":6},"end":{"line":180,"column":null}},"line":178},"19":{"name":"(anonymous_19)","decl":{"start":{"line":182,"column":4},"end":{"line":182,"column":12}},"loc":{"start":{"line":182,"column":29},"end":{"line":182,"column":null}},"line":182},"20":{"name":"(anonymous_20)","decl":{"start":{"line":183,"column":4},"end":{"line":183,"column":12}},"loc":{"start":{"line":183,"column":29},"end":{"line":183,"column":null}},"line":183},"21":{"name":"(anonymous_21)","decl":{"start":{"line":184,"column":4},"end":{"line":184,"column":9}},"loc":{"start":{"line":185,"column":6},"end":{"line":185,"column":null}},"line":185},"22":{"name":"(anonymous_22)","decl":{"start":{"line":187,"column":4},"end":{"line":187,"column":9}},"loc":{"start":{"line":188,"column":6},"end":{"line":190,"column":null}},"line":188},"23":{"name":"(anonymous_23)","decl":{"start":{"line":192,"column":4},"end":{"line":192,"column":9}},"loc":{"start":{"line":193,"column":6},"end":{"line":193,"column":null}},"line":193},"24":{"name":"MarkdownRenderer","decl":{"start":{"line":225,"column":46},"end":{"line":225,"column":63}},"loc":{"start":{"line":228,"column":2},"end":{"line":253,"column":null}},"line":228}},"branchMap":{"0":{"loc":{"start":{"line":121,"column":8},"end":{"line":122,"column":null}},"type":"binary-expr","locations":[{"start":{"line":121,"column":8},"end":{"line":121,"column":null}},{"start":{"line":122,"column":9},"end":{"line":122,"column":39}},{"start":{"line":122,"column":39},"end":{"line":122,"column":65}}],"line":121},"1":{"loc":{"start":{"line":126,"column":18},"end":{"line":126,"column":null}},"type":"cond-expr","locations":[{"start":{"line":126,"column":31},"end":{"line":126,"column":42}},{"start":{"line":126,"column":42},"end":{"line":126,"column":null}}],"line":126},"2":{"loc":{"start":{"line":127,"column":15},"end":{"line":127,"column":null}},"type":"cond-expr","locations":[{"start":{"line":127,"column":28},"end":{"line":127,"column":52}},{"start":{"line":127,"column":52},"end":{"line":127,"column":null}}],"line":127},"3":{"loc":{"start":{"line":138,"column":42},"end":{"line":138,"column":null}},"type":"binary-expr","locations":[{"start":{"line":138,"column":42},"end":{"line":138,"column":55}},{"start":{"line":138,"column":55},"end":{"line":138,"column":null}}],"line":138},"4":{"loc":{"start":{"line":139,"column":23},"end":{"line":139,"column":null}},"type":"cond-expr","locations":[{"start":{"line":139,"column":31},"end":{"line":139,"column":42}},{"start":{"line":139,"column":42},"end":{"line":139,"column":null}}],"line":139},"5":{"loc":{"start":{"line":142,"column":6},"end":{"line":156,"column":null}},"type":"if","locations":[{"start":{"line":142,"column":6},"end":{"line":156,"column":null}},{"start":{},"end":{}}],"line":142},"6":{"loc":{"start":{"line":227,"column":2},"end":{"line":227,"column":null}},"type":"default-arg","locations":[{"start":{"line":227,"column":16},"end":{"line":227,"column":null}}],"line":227},"7":{"loc":{"start":{"line":232,"column":48},"end":{"line":232,"column":null}},"type":"cond-expr","locations":[{"start":{"line":232,"column":62},"end":{"line":232,"column":67}},{"start":{"line":232,"column":67},"end":{"line":232,"column":null}}],"line":232},"8":{"loc":{"start":{"line":235,"column":26},"end":{"line":235,"column":null}},"type":"cond-expr","locations":[{"start":{"line":235,"column":40},"end":{"line":235,"column":59}},{"start":{"line":235,"column":59},"end":{"line":235,"column":null}}],"line":235},"9":{"loc":{"start":{"line":241,"column":17},"end":{"line":241,"column":null}},"type":"cond-expr","locations":[{"start":{"line":241,"column":31},"end":{"line":241,"column":42}},{"start":{"line":241,"column":42},"end":{"line":241,"column":null}}],"line":241},"10":{"loc":{"start":{"line":242,"column":19},"end":{"line":242,"column":null}},"type":"cond-expr","locations":[{"start":{"line":242,"column":33},"end":{"line":242,"column":43}},{"start":{"line":242,"column":43},"end":{"line":242,"column":null}}],"line":242}},"s":{"0":1,"1":3,"2":1,"3":1,"4":1,"5":1,"6":1,"7":123,"8":1,"9":1,"10":6,"11":2,"12":1,"13":1,"14":0,"15":1,"16":1,"17":2,"18":2,"19":2,"20":2,"21":1,"22":1,"23":1,"24":1,"25":1,"26":1,"27":3,"28":2,"29":4,"30":1,"31":1,"32":1,"33":1,"34":41,"35":41,"36":41},"f":{"0":1,"1":3,"2":1,"3":1,"4":1,"5":1,"6":1,"7":123,"8":1,"9":1,"10":6,"11":2,"12":1,"13":1,"14":0,"15":1,"16":2,"17":1,"18":1,"19":1,"20":1,"21":3,"22":2,"23":4,"24":41},"b":{"0":[1,1,1],"1":[1,0],"2":[1,0],"3":[2,1],"4":[1,1],"5":[1,1],"6":[41],"7":[19,22],"8":[19,22],"9":[19,22],"10":[19,22]},"meta":{"lastBranch":11,"lastFunction":25,"lastStatement":37,"seen":{"f:46:9:46:Infinity":0,"s:47:2:195:Infinity":0,"f:49:4:49:9":1,"s:50:6:52:Infinity":1,"f:54:4:54:9":2,"s:55:6:57:Infinity":2,"f:59:4:59:9":3,"s:60:6:62:Infinity":3,"f:64:4:64:9":4,"s:65:6:67:Infinity":4,"f:69:4:69:9":5,"s:70:6:72:Infinity":5,"f:74:4:74:9":6,"s:75:6:77:Infinity":6,"f:81:4:81:8":7,"s:82:6:84:Infinity":7,"f:88:4:88:9":8,"s:89:6:91:Infinity":8,"f:93:4:93:9":9,"s:94:6:96:Infinity":9,"f:98:4:98:9":10,"s:98:26:98:Infinity":10,"f:101:4:101:13":11,"s:102:6:102:Infinity":11,"f:104:4:104:9":12,"s:105:6:105:Infinity":12,"f:109:4:109:17":13,"s:110:6:112:Infinity":13,"f:116:4:116:14":14,"s:116:14:116:Infinity":14,"f:119:4:119:8":15,"s:121:8:122:Infinity":15,"b:121:8:121:Infinity:122:9:122:39:122:39:122:65":0,"s:123:6:131:Infinity":16,"b:126:31:126:42:126:42:126:Infinity":1,"b:127:28:127:52:127:52:127:Infinity":2,"f:137:4:137:11":16,"s:138:20:138:Infinity":17,"b:138:42:138:55:138:55:138:Infinity":3,"s:139:23:139:Infinity":18,"b:139:31:139:42:139:42:139:Infinity":4,"s:140:22:140:Infinity":19,"b:142:6:156:Infinity:undefined:undefined:undefined:undefined":5,"s:142:6:156:Infinity":20,"s:143:8:154:Infinity":21,"s:159:6:165:Infinity":22,"f:170:4:170:10":17,"s:171:6:173:Infinity":23,"f:177:4:177:12":18,"s:178:6:180:Infinity":24,"f:182:4:182:12":19,"s:182:29:182:Infinity":25,"f:183:4:183:12":20,"s:183:29:183:Infinity":26,"f:184:4:184:9":21,"s:185:6:185:Infinity":27,"f:187:4:187:9":22,"s:188:6:190:Infinity":28,"f:192:4:192:9":23,"s:193:6:193:Infinity":29,"s:199:28:199:Infinity":30,"s:203:23:203:Infinity":31,"s:204:23:204:Infinity":32,"s:225:13:253:Infinity":33,"f:225:46:225:63":24,"b:227:16:227:Infinity":6,"s:232:8:232:Infinity":34,"b:232:62:232:67:232:67:232:Infinity":7,"s:235:26:235:Infinity":35,"b:235:40:235:59:235:59:235:Infinity":8,"s:237:2:251:Infinity":36,"b:241:31:241:42:241:42:241:Infinity":9,"b:242:33:242:43:242:43:242:Infinity":10}}}
,"/home/mit/projects/PFE/CoursePalette/src/components/ai/Integrations/LessonPageIntegration.tsx": {"path":"/home/mit/projects/PFE/CoursePalette/src/components/ai/Integrations/LessonPageIntegration.tsx","statementMap":{"0":{"start":{"line":86,"column":27},"end":{"line":93,"column":null}},"1":{"start":{"line":101,"column":14},"end":{"line":103,"column":null}},"2":{"start":{"line":103,"column":19},"end":{"line":103,"column":null}},"3":{"start":{"line":104,"column":2},"end":{"line":104,"column":null}},"4":{"start":{"line":136,"column":10},"end":{"line":136,"column":null}},"5":{"start":{"line":137,"column":10},"end":{"line":137,"column":null}},"6":{"start":{"line":140,"column":2},"end":{"line":142,"column":null}},"7":{"start":{"line":141,"column":4},"end":{"line":141,"column":null}},"8":{"start":{"line":144,"column":2},"end":{"line":149,"column":null}},"9":{"start":{"line":167,"column":17},"end":{"line":167,"column":null}},"10":{"start":{"line":168,"column":20},"end":{"line":168,"column":null}},"11":{"start":{"line":170,"column":8},"end":{"line":170,"column":null}},"12":{"start":{"line":171,"column":8},"end":{"line":171,"column":null}},"13":{"start":{"line":175,"column":8},"end":{"line":177,"column":null}},"14":{"start":{"line":176,"column":4},"end":{"line":176,"column":null}},"15":{"start":{"line":179,"column":8},"end":{"line":185,"column":null}},"16":{"start":{"line":180,"column":4},"end":{"line":180,"column":null}},"17":{"start":{"line":182,"column":4},"end":{"line":184,"column":null}},"18":{"start":{"line":183,"column":6},"end":{"line":183,"column":null}},"19":{"start":{"line":189,"column":8},"end":{"line":218,"column":null}},"20":{"start":{"line":191,"column":6},"end":{"line":195,"column":null}},"21":{"start":{"line":192,"column":8},"end":{"line":192,"column":null}},"22":{"start":{"line":193,"column":8},"end":{"line":193,"column":null}},"23":{"start":{"line":194,"column":8},"end":{"line":194,"column":null}},"24":{"start":{"line":198,"column":6},"end":{"line":215,"column":null}},"25":{"start":{"line":199,"column":30},"end":{"line":199,"column":null}},"26":{"start":{"line":200,"column":8},"end":{"line":200,"column":null}},"27":{"start":{"line":200,"column":29},"end":{"line":200,"column":null}},"28":{"start":{"line":202,"column":8},"end":{"line":214,"column":null}},"29":{"start":{"line":204,"column":10},"end":{"line":207,"column":null}},"30":{"start":{"line":205,"column":12},"end":{"line":205,"column":null}},"31":{"start":{"line":206,"column":12},"end":{"line":206,"column":null}},"32":{"start":{"line":210,"column":10},"end":{"line":213,"column":null}},"33":{"start":{"line":211,"column":12},"end":{"line":211,"column":null}},"34":{"start":{"line":212,"column":12},"end":{"line":212,"column":null}},"35":{"start":{"line":222,"column":2},"end":{"line":229,"column":null}},"36":{"start":{"line":223,"column":4},"end":{"line":228,"column":null}},"37":{"start":{"line":224,"column":22},"end":{"line":224,"column":null}},"38":{"start":{"line":225,"column":6},"end":{"line":227,"column":null}},"39":{"start":{"line":226,"column":8},"end":{"line":226,"column":null}},"40":{"start":{"line":233,"column":2},"end":{"line":242,"column":null}},"41":{"start":{"line":234,"column":4},"end":{"line":238,"column":null}},"42":{"start":{"line":235,"column":6},"end":{"line":235,"column":null}},"43":{"start":{"line":237,"column":6},"end":{"line":237,"column":null}},"44":{"start":{"line":239,"column":4},"end":{"line":241,"column":null}},"45":{"start":{"line":240,"column":6},"end":{"line":240,"column":null}},"46":{"start":{"line":246,"column":2},"end":{"line":421,"column":null}},"47":{"start":{"line":340,"column":27},"end":{"line":340,"column":null}},"48":{"start":{"line":348,"column":27},"end":{"line":348,"column":null}},"49":{"start":{"line":446,"column":2},"end":{"line":466,"column":null}}},"fnMap":{"0":{"name":"getFocusableEdges","decl":{"start":{"line":98,"column":9},"end":{"line":98,"column":null}},"loc":{"start":{"line":99,"column":2},"end":{"line":105,"column":null}},"line":99},"1":{"name":"(anonymous_1)","decl":{"start":{"line":103,"column":4},"end":{"line":103,"column":12}},"loc":{"start":{"line":103,"column":19},"end":{"line":103,"column":null}},"line":103},"2":{"name":"LessonPageIntegration","decl":{"start":{"line":120,"column":16},"end":{"line":120,"column":38}},"loc":{"start":{"line":123,"column":2},"end":{"line":151,"column":null}},"line":123},"3":{"name":"LessonPageIntegrationInner","decl":{"start":{"line":162,"column":9},"end":{"line":162,"column":36}},"loc":{"start":{"line":165,"column":2},"end":{"line":423,"column":null}},"line":165},"4":{"name":"(anonymous_4)","decl":{"start":{"line":175,"column":20},"end":{"line":175,"column":null}},"loc":{"start":{"line":175,"column":20},"end":{"line":177,"column":5}},"line":175},"5":{"name":"(anonymous_5)","decl":{"start":{"line":179,"column":21},"end":{"line":179,"column":null}},"loc":{"start":{"line":179,"column":21},"end":{"line":185,"column":5}},"line":179},"6":{"name":"(anonymous_6)","decl":{"start":{"line":182,"column":4},"end":{"line":182,"column":null}},"loc":{"start":{"line":182,"column":4},"end":{"line":184,"column":null}},"line":182},"7":{"name":"(anonymous_7)","decl":{"start":{"line":189,"column":24},"end":{"line":189,"column":null}},"loc":{"start":{"line":190,"column":5},"end":{"line":216,"column":null}},"line":190},"8":{"name":"(anonymous_8)","decl":{"start":{"line":222,"column":2},"end":{"line":222,"column":null}},"loc":{"start":{"line":222,"column":2},"end":{"line":229,"column":5}},"line":222},"9":{"name":"(anonymous_9)","decl":{"start":{"line":225,"column":6},"end":{"line":225,"column":null}},"loc":{"start":{"line":225,"column":6},"end":{"line":227,"column":null}},"line":225},"10":{"name":"(anonymous_10)","decl":{"start":{"line":233,"column":2},"end":{"line":233,"column":null}},"loc":{"start":{"line":233,"column":2},"end":{"line":242,"column":5}},"line":233},"11":{"name":"(anonymous_11)","decl":{"start":{"line":239,"column":4},"end":{"line":239,"column":null}},"loc":{"start":{"line":239,"column":4},"end":{"line":241,"column":null}},"line":239},"12":{"name":"(anonymous_12)","decl":{"start":{"line":340,"column":12},"end":{"line":340,"column":27}},"loc":{"start":{"line":340,"column":27},"end":{"line":340,"column":null}},"line":340},"13":{"name":"(anonymous_13)","decl":{"start":{"line":348,"column":12},"end":{"line":348,"column":27}},"loc":{"start":{"line":348,"column":27},"end":{"line":348,"column":null}},"line":348},"14":{"name":"TabButton","decl":{"start":{"line":438,"column":9},"end":{"line":438,"column":19}},"loc":{"start":{"line":444,"column":2},"end":{"line":469,"column":null}},"line":444}},"branchMap":{"0":{"loc":{"start":{"line":104,"column":10},"end":{"line":104,"column":26}},"type":"binary-expr","locations":[{"start":{"line":104,"column":10},"end":{"line":104,"column":20}},{"start":{"line":104,"column":20},"end":{"line":104,"column":26}}],"line":104},"1":{"loc":{"start":{"line":104,"column":26},"end":{"line":104,"column":53}},"type":"binary-expr","locations":[{"start":{"line":104,"column":26},"end":{"line":104,"column":49}},{"start":{"line":104,"column":49},"end":{"line":104,"column":53}}],"line":104},"2":{"loc":{"start":{"line":140,"column":2},"end":{"line":142,"column":null}},"type":"if","locations":[{"start":{"line":140,"column":2},"end":{"line":142,"column":null}},{"start":{},"end":{}}],"line":140},"3":{"loc":{"start":{"line":140,"column":6},"end":{"line":140,"column":33}},"type":"binary-expr","locations":[{"start":{"line":140,"column":6},"end":{"line":140,"column":24}},{"start":{"line":140,"column":24},"end":{"line":140,"column":33}}],"line":140},"4":{"loc":{"start":{"line":191,"column":6},"end":{"line":195,"column":null}},"type":"if","locations":[{"start":{"line":191,"column":6},"end":{"line":195,"column":null}},{"start":{},"end":{}}],"line":191},"5":{"loc":{"start":{"line":198,"column":6},"end":{"line":215,"column":null}},"type":"if","locations":[{"start":{"line":198,"column":6},"end":{"line":215,"column":null}},{"start":{},"end":{}}],"line":198},"6":{"loc":{"start":{"line":198,"column":10},"end":{"line":198,"column":47}},"type":"binary-expr","locations":[{"start":{"line":198,"column":10},"end":{"line":198,"column":29}},{"start":{"line":198,"column":29},"end":{"line":198,"column":47}}],"line":198},"7":{"loc":{"start":{"line":200,"column":8},"end":{"line":200,"column":null}},"type":"if","locations":[{"start":{"line":200,"column":8},"end":{"line":200,"column":null}},{"start":{},"end":{}}],"line":200},"8":{"loc":{"start":{"line":200,"column":12},"end":{"line":200,"column":29}},"type":"binary-expr","locations":[{"start":{"line":200,"column":12},"end":{"line":200,"column":22}},{"start":{"line":200,"column":22},"end":{"line":200,"column":29}}],"line":200},"9":{"loc":{"start":{"line":202,"column":8},"end":{"line":214,"column":null}},"type":"if","locations":[{"start":{"line":202,"column":8},"end":{"line":214,"column":null}},{"start":{"line":208,"column":15},"end":{"line":214,"column":null}}],"line":202},"10":{"loc":{"start":{"line":204,"column":10},"end":{"line":207,"column":null}},"type":"if","locations":[{"start":{"line":204,"column":10},"end":{"line":207,"column":null}},{"start":{},"end":{}}],"line":204},"11":{"loc":{"start":{"line":210,"column":10},"end":{"line":213,"column":null}},"type":"if","locations":[{"start":{"line":210,"column":10},"end":{"line":213,"column":null}},{"start":{},"end":{}}],"line":210},"12":{"loc":{"start":{"line":223,"column":4},"end":{"line":228,"column":null}},"type":"if","locations":[{"start":{"line":223,"column":4},"end":{"line":228,"column":null}},{"start":{},"end":{}}],"line":223},"13":{"loc":{"start":{"line":223,"column":8},"end":{"line":223,"column":36}},"type":"binary-expr","locations":[{"start":{"line":223,"column":8},"end":{"line":223,"column":18}},{"start":{"line":223,"column":18},"end":{"line":223,"column":36}}],"line":223},"14":{"loc":{"start":{"line":234,"column":4},"end":{"line":238,"column":null}},"type":"if","locations":[{"start":{"line":234,"column":4},"end":{"line":238,"column":null}},{"start":{"line":236,"column":11},"end":{"line":238,"column":null}}],"line":234},"15":{"loc":{"start":{"line":267,"column":10},"end":{"line":267,"column":null}},"type":"binary-expr","locations":[{"start":{"line":267,"column":10},"end":{"line":267,"column":20}},{"start":{"line":267,"column":20},"end":{"line":267,"column":null}}],"line":267},"16":{"loc":{"start":{"line":275,"column":7},"end":{"line":280,"column":null}},"type":"binary-expr","locations":[{"start":{"line":275,"column":7},"end":{"line":275,"column":null}},{"start":{"line":276,"column":8},"end":{"line":280,"column":null}}],"line":275},"17":{"loc":{"start":{"line":299,"column":10},"end":{"line":299,"column":null}},"type":"cond-expr","locations":[{"start":{"line":299,"column":19},"end":{"line":299,"column":37}},{"start":{"line":299,"column":37},"end":{"line":299,"column":null}}],"line":299},"18":{"loc":{"start":{"line":304,"column":15},"end":{"line":304,"column":null}},"type":"cond-expr","locations":[{"start":{"line":304,"column":26},"end":{"line":304,"column":54}},{"start":{"line":304,"column":54},"end":{"line":304,"column":null}}],"line":304},"19":{"loc":{"start":{"line":370,"column":13},"end":{"line":380,"column":null}},"type":"binary-expr","locations":[{"start":{"line":370,"column":13},"end":{"line":370,"column":null}},{"start":{"line":371,"column":14},"end":{"line":380,"column":null}}],"line":370},"20":{"loc":{"start":{"line":392,"column":13},"end":{"line":405,"column":null}},"type":"binary-expr","locations":[{"start":{"line":392,"column":13},"end":{"line":392,"column":null}},{"start":{"line":393,"column":14},"end":{"line":405,"column":null}}],"line":392},"21":{"loc":{"start":{"line":460,"column":8},"end":{"line":462,"column":null}},"type":"cond-expr","locations":[{"start":{"line":461,"column":12},"end":{"line":461,"column":null}},{"start":{"line":462,"column":12},"end":{"line":462,"column":null}}],"line":460}},"s":{"0":1,"1":4,"2":12,"3":4,"4":8,"5":8,"6":8,"7":2,"8":6,"9":12,"10":12,"11":12,"12":12,"13":12,"14":4,"15":12,"16":1,"17":1,"18":1,"19":12,"20":1,"21":1,"22":1,"23":1,"24":0,"25":0,"26":0,"27":0,"28":0,"29":0,"30":0,"31":0,"32":0,"33":0,"34":0,"35":12,"36":11,"37":4,"38":4,"39":4,"40":12,"41":11,"42":4,"43":7,"44":11,"45":11,"46":12,"47":0,"48":1,"49":24},"f":{"0":4,"1":12,"2":8,"3":12,"4":4,"5":1,"6":1,"7":1,"8":11,"9":4,"10":11,"11":11,"12":0,"13":1,"14":24},"b":{"0":[4,0],"1":[4,0],"2":[2,6],"3":[8,7],"4":[1,0],"5":[0,0],"6":[0,0],"7":[0,0],"8":[0,0],"9":[0,0],"10":[0,0],"11":[0,0],"12":[4,7],"13":[11,4],"14":[4,7],"15":[12,5],"16":[12,5],"17":[5,7],"18":[7,5],"19":[12,11],"20":[12,1],"21":[12,12]},"meta":{"lastBranch":22,"lastFunction":15,"lastStatement":50,"seen":{"s:86:27:93:Infinity":0,"f:98:9:98:Infinity":0,"s:101:14:103:Infinity":1,"f:103:4:103:12":1,"s:103:19:103:Infinity":2,"s:104:2:104:Infinity":3,"b:104:10:104:20:104:20:104:26":0,"b:104:26:104:49:104:49:104:53":1,"f:120:16:120:38":2,"s:136:10:136:Infinity":4,"s:137:10:137:Infinity":5,"b:140:2:142:Infinity:undefined:undefined:undefined:undefined":2,"s:140:2:142:Infinity":6,"b:140:6:140:24:140:24:140:33":3,"s:141:4:141:Infinity":7,"s:144:2:149:Infinity":8,"f:162:9:162:36":3,"s:167:17:167:Infinity":9,"s:168:20:168:Infinity":10,"s:170:8:170:Infinity":11,"s:171:8:171:Infinity":12,"s:175:8:177:Infinity":13,"f:175:20:175:Infinity":4,"s:176:4:176:Infinity":14,"s:179:8:185:Infinity":15,"f:179:21:179:Infinity":5,"s:180:4:180:Infinity":16,"s:182:4:184:Infinity":17,"f:182:4:182:Infinity":6,"s:183:6:183:Infinity":18,"s:189:8:218:Infinity":19,"f:189:24:189:Infinity":7,"b:191:6:195:Infinity:undefined:undefined:undefined:undefined":4,"s:191:6:195:Infinity":20,"s:192:8:192:Infinity":21,"s:193:8:193:Infinity":22,"s:194:8:194:Infinity":23,"b:198:6:215:Infinity:undefined:undefined:undefined:undefined":5,"s:198:6:215:Infinity":24,"b:198:10:198:29:198:29:198:47":6,"s:199:30:199:Infinity":25,"b:200:8:200:Infinity:undefined:undefined:undefined:undefined":7,"s:200:8:200:Infinity":26,"b:200:12:200:22:200:22:200:29":8,"s:200:29:200:Infinity":27,"b:202:8:214:Infinity:208:15:214:Infinity":9,"s:202:8:214:Infinity":28,"b:204:10:207:Infinity:undefined:undefined:undefined:undefined":10,"s:204:10:207:Infinity":29,"s:205:12:205:Infinity":30,"s:206:12:206:Infinity":31,"b:210:10:213:Infinity:undefined:undefined:undefined:undefined":11,"s:210:10:213:Infinity":32,"s:211:12:211:Infinity":33,"s:212:12:212:Infinity":34,"s:222:2:229:Infinity":35,"f:222:2:222:Infinity":8,"b:223:4:228:Infinity:undefined:undefined:undefined:undefined":12,"s:223:4:228:Infinity":36,"b:223:8:223:18:223:18:223:36":13,"s:224:22:224:Infinity":37,"s:225:6:227:Infinity":38,"f:225:6:225:Infinity":9,"s:226:8:226:Infinity":39,"s:233:2:242:Infinity":40,"f:233:2:233:Infinity":10,"b:234:4:238:Infinity:236:11:238:Infinity":14,"s:234:4:238:Infinity":41,"s:235:6:235:Infinity":42,"s:237:6:237:Infinity":43,"s:239:4:241:Infinity":44,"f:239:4:239:Infinity":11,"s:240:6:240:Infinity":45,"s:246:2:421:Infinity":46,"b:267:10:267:20:267:20:267:Infinity":15,"b:275:7:275:Infinity:276:8:280:Infinity":16,"b:299:19:299:37:299:37:299:Infinity":17,"b:304:26:304:54:304:54:304:Infinity":18,"f:340:12:340:27":12,"s:340:27:340:Infinity":47,"f:348:12:348:27":13,"s:348:27:348:Infinity":48,"b:370:13:370:Infinity:371:14:380:Infinity":19,"b:392:13:392:Infinity:393:14:405:Infinity":20,"f:438:9:438:19":14,"s:446:2:466:Infinity":49,"b:461:12:461:Infinity:462:12:462:Infinity":21}}}
,"/home/mit/projects/PFE/CoursePalette/src/components/common/ErrorBoundary.tsx": {"path":"/home/mit/projects/PFE/CoursePalette/src/components/common/ErrorBoundary.tsx","statementMap":{"0":{"start":{"line":33,"column":4},"end":{"line":37,"column":null}},"1":{"start":{"line":41,"column":4},"end":{"line":41,"column":null}},"2":{"start":{"line":43,"column":4},"end":{"line":46,"column":null}},"3":{"start":{"line":49,"column":4},"end":{"line":51,"column":null}},"4":{"start":{"line":50,"column":6},"end":{"line":50,"column":null}},"5":{"start":{"line":54,"column":4},"end":{"line":57,"column":null}},"6":{"start":{"line":73,"column":4},"end":{"line":150,"column":null}},"7":{"start":{"line":75,"column":6},"end":{"line":77,"column":null}},"8":{"start":{"line":76,"column":8},"end":{"line":76,"column":null}},"9":{"start":{"line":80,"column":6},"end":{"line":148,"column":null}},"10":{"start":{"line":152,"column":4},"end":{"line":152,"column":null}},"11":{"start":{"line":24,"column":0},"end":{"line":70,"column":null}},"12":{"start":{"line":61,"column":4},"end":{"line":65,"column":null}},"13":{"start":{"line":69,"column":4},"end":{"line":69,"column":null}}},"fnMap":{"0":{"name":"(anonymous_0)","decl":{"start":{"line":31,"column":16},"end":{"line":31,"column":41}},"loc":{"start":{"line":31,"column":62},"end":{"line":38,"column":null}},"line":31},"1":{"name":"(anonymous_1)","decl":{"start":{"line":40,"column":2},"end":{"line":40,"column":27}},"loc":{"start":{"line":40,"column":63},"end":{"line":58,"column":null}},"line":40},"2":{"name":"(anonymous_2)","decl":{"start":{"line":72,"column":2},"end":{"line":72,"column":18}},"loc":{"start":{"line":72,"column":18},"end":{"line":153,"column":null}},"line":72},"3":{"name":"(anonymous_3)","decl":{"start":{"line":60,"column":2},"end":{"line":60,"column":10}},"loc":{"start":{"line":60,"column":10},"end":{"line":66,"column":null}},"line":60},"4":{"name":"(anonymous_4)","decl":{"start":{"line":68,"column":2},"end":{"line":68,"column":10}},"loc":{"start":{"line":68,"column":10},"end":{"line":70,"column":null}},"line":68}},"branchMap":{"0":{"loc":{"start":{"line":49,"column":4},"end":{"line":51,"column":null}},"type":"if","locations":[{"start":{"line":49,"column":4},"end":{"line":51,"column":null}},{"start":{},"end":{}}],"line":49},"1":{"loc":{"start":{"line":54,"column":4},"end":{"line":57,"column":null}},"type":"if","locations":[{"start":{"line":54,"column":4},"end":{"line":57,"column":null}},{"start":{},"end":{}}],"line":54},"2":{"loc":{"start":{"line":73,"column":4},"end":{"line":150,"column":null}},"type":"if","locations":[{"start":{"line":73,"column":4},"end":{"line":150,"column":null}},{"start":{},"end":{}}],"line":73},"3":{"loc":{"start":{"line":75,"column":6},"end":{"line":77,"column":null}},"type":"if","locations":[{"start":{"line":75,"column":6},"end":{"line":77,"column":null}},{"start":{},"end":{}}],"line":75},"4":{"loc":{"start":{"line":95,"column":12},"end":{"line":128,"column":15}},"type":"binary-expr","locations":[{"start":{"line":95,"column":12},"end":{"line":96,"column":57}},{"start":{"line":96,"column":57},"end":{"line":96,"column":null}},{"start":{"line":97,"column":16},"end":{"line":128,"column":15}}],"line":95},"5":{"loc":{"start":{"line":107,"column":23},"end":{"line":113,"column":null}},"type":"binary-expr","locations":[{"start":{"line":107,"column":23},"end":{"line":107,"column":null}},{"start":{"line":108,"column":24},"end":{"line":113,"column":null}}],"line":107},"6":{"loc":{"start":{"line":115,"column":23},"end":{"line":121,"column":null}},"type":"binary-expr","locations":[{"start":{"line":115,"column":23},"end":{"line":115,"column":null}},{"start":{"line":116,"column":24},"end":{"line":121,"column":null}}],"line":115}},"s":{"0":0,"1":0,"2":0,"3":0,"4":0,"5":0,"6":0,"7":0,"8":0,"9":0,"10":0,"11":0,"12":0,"13":0},"f":{"0":1,"1":0,"2":0,"3":0,"4":0},"b":{"0":[0,0],"1":[0,0],"2":[0,0],"3":[0,0],"4":[0,0,0],"5":[0,0],"6":[0,0]},"meta":{"lastBranch":7,"lastFunction":5,"lastStatement":14,"seen":{"f:31:16:31:41":0,"s:33:4:37:Infinity":0,"f:40:2:40:27":1,"s:41:4:41:Infinity":1,"s:43:4:46:Infinity":2,"b:49:4:51:Infinity:undefined:undefined:undefined:undefined":0,"s:49:4:51:Infinity":3,"s:50:6:50:Infinity":4,"b:54:4:57:Infinity:undefined:undefined:undefined:undefined":1,"s:54:4:57:Infinity":5,"f:72:2:72:18":2,"b:73:4:150:Infinity:undefined:undefined:undefined:undefined":2,"s:73:4:150:Infinity":6,"b:75:6:77:Infinity:undefined:undefined:undefined:undefined":3,"s:75:6:77:Infinity":7,"s:76:8:76:Infinity":8,"s:80:6:148:Infinity":9,"b:95:12:96:57:96:57:96:Infinity:97:16:128:15":4,"b:107:23:107:Infinity:108:24:113:Infinity":5,"b:115:23:115:Infinity:116:24:121:Infinity":6,"s:152:4:152:Infinity":10,"s:24:0:70:Infinity":11,"f:60:2:60:10":3,"s:61:4:65:Infinity":12,"f:68:2:68:10":4,"s:69:4:69:Infinity":13}}}
,"/home/mit/projects/PFE/CoursePalette/src/components/common/LoadingFallback.tsx": {"path":"/home/mit/projects/PFE/CoursePalette/src/components/common/LoadingFallback.tsx","statementMap":{"0":{"start":{"line":12,"column":13},"end":{"line":58,"column":null}},"1":{"start":{"line":18,"column":22},"end":{"line":22,"column":null}},"2":{"start":{"line":24,"column":26},"end":{"line":28,"column":null}},"3":{"start":{"line":31,"column":4},"end":{"line":45,"column":null}},"4":{"start":{"line":49,"column":2},"end":{"line":55,"column":null}},"5":{"start":{"line":50,"column":4},"end":{"line":53,"column":null}},"6":{"start":{"line":57,"column":2},"end":{"line":57,"column":null}},"7":{"start":{"line":61,"column":13},"end":{"line":62,"column":null}},"8":{"start":{"line":62,"column":2},"end":{"line":62,"column":null}},"9":{"start":{"line":65,"column":13},"end":{"line":66,"column":null}},"10":{"start":{"line":66,"column":2},"end":{"line":66,"column":null}},"11":{"start":{"line":69,"column":13},"end":{"line":75,"column":null}},"12":{"start":{"line":70,"column":2},"end":{"line":75,"column":null}}},"fnMap":{"0":{"name":"(anonymous_0)","decl":{"start":{"line":12,"column":13},"end":{"line":12,"column":64}},"loc":{"start":{"line":16,"column":13},"end":{"line":58,"column":null}},"line":16},"1":{"name":"(anonymous_1)","decl":{"start":{"line":61,"column":13},"end":{"line":61,"column":null}},"loc":{"start":{"line":62,"column":2},"end":{"line":62,"column":null}},"line":62},"2":{"name":"(anonymous_2)","decl":{"start":{"line":65,"column":13},"end":{"line":65,"column":null}},"loc":{"start":{"line":66,"column":2},"end":{"line":66,"column":null}},"line":66},"3":{"name":"(anonymous_3)","decl":{"start":{"line":69,"column":13},"end":{"line":69,"column":null}},"loc":{"start":{"line":70,"column":2},"end":{"line":75,"column":null}},"line":70}},"branchMap":{"0":{"loc":{"start":{"line":14,"column":2},"end":{"line":14,"column":null}},"type":"default-arg","locations":[{"start":{"line":14,"column":9},"end":{"line":14,"column":null}}],"line":14},"1":{"loc":{"start":{"line":15,"column":2},"end":{"line":15,"column":null}},"type":"default-arg","locations":[{"start":{"line":15,"column":9},"end":{"line":15,"column":null}}],"line":15},"2":{"loc":{"start":{"line":16,"column":2},"end":{"line":16,"column":null}},"type":"default-arg","locations":[{"start":{"line":16,"column":13},"end":{"line":16,"column":null}}],"line":16},"3":{"loc":{"start":{"line":49,"column":2},"end":{"line":55,"column":null}},"type":"if","locations":[{"start":{"line":49,"column":2},"end":{"line":55,"column":null}},{"start":{},"end":{}}],"line":49}},"s":{"0":1,"1":0,"2":0,"3":0,"4":0,"5":0,"6":0,"7":1,"8":0,"9":1,"10":0,"11":1,"12":0},"f":{"0":0,"1":0,"2":0,"3":0},"b":{"0":[0],"1":[0],"2":[0],"3":[0,0]},"meta":{"lastBranch":4,"lastFunction":4,"lastStatement":13,"seen":{"s:12:13:58:Infinity":0,"f:12:13:12:64":0,"b:14:9:14:Infinity":0,"b:15:9:15:Infinity":1,"b:16:13:16:Infinity":2,"s:18:22:22:Infinity":1,"s:24:26:28:Infinity":2,"s:31:4:45:Infinity":3,"b:49:2:55:Infinity:undefined:undefined:undefined:undefined":3,"s:49:2:55:Infinity":4,"s:50:4:53:Infinity":5,"s:57:2:57:Infinity":6,"s:61:13:62:Infinity":7,"f:61:13:61:Infinity":1,"s:62:2:62:Infinity":8,"s:65:13:66:Infinity":9,"f:65:13:65:Infinity":2,"s:66:2:66:Infinity":10,"s:69:13:75:Infinity":11,"f:69:13:69:Infinity":3,"s:70:2:75:Infinity":12}}}
,"/home/mit/projects/PFE/CoursePalette/src/components/ui/button.tsx": {"path":"/home/mit/projects/PFE/CoursePalette/src/components/ui/button.tsx","statementMap":{"0":{"start":{"line":7,"column":6},"end":{"line":33,"column":null}},"1":{"start":{"line":42,"column":15},"end":{"line":52,"column":null}},"2":{"start":{"line":44,"column":17},"end":{"line":44,"column":null}},"3":{"start":{"line":45,"column":4},"end":{"line":50,"column":null}},"4":{"start":{"line":54,"column":0},"end":{"line":54,"column":null}}},"fnMap":{"0":{"name":"(anonymous_0)","decl":{"start":{"line":42,"column":21},"end":{"line":42,"column":null}},"loc":{"start":{"line":43,"column":60},"end":{"line":52,"column":null}},"line":43}},"branchMap":{"0":{"loc":{"start":{"line":43,"column":31},"end":{"line":43,"column":48}},"type":"default-arg","locations":[{"start":{"line":43,"column":41},"end":{"line":43,"column":48}}],"line":43},"1":{"loc":{"start":{"line":44,"column":17},"end":{"line":44,"column":null}},"type":"cond-expr","locations":[{"start":{"line":44,"column":27},"end":{"line":44,"column":34}},{"start":{"line":44,"column":34},"end":{"line":44,"column":null}}],"line":44}},"s":{"0":1,"1":1,"2":0,"3":0,"4":1},"f":{"0":0},"b":{"0":[0],"1":[0,0]},"meta":{"lastBranch":2,"lastFunction":1,"lastStatement":5,"seen":{"s:7:6:33:Infinity":0,"s:42:15:52:Infinity":1,"f:42:21:42:Infinity":0,"b:43:41:43:48":0,"s:44:17:44:Infinity":2,"b:44:27:44:34:44:34:44:Infinity":1,"s:45:4:50:Infinity":3,"s:54:0:54:Infinity":4}}}
,"/home/mit/projects/PFE/CoursePalette/src/components/ui/card.tsx": {"path":"/home/mit/projects/PFE/CoursePalette/src/components/ui/card.tsx","statementMap":{"0":{"start":{"line":5,"column":13},"end":{"line":16,"column":null}},"1":{"start":{"line":9,"column":2},"end":{"line":16,"column":null}},"2":{"start":{"line":18,"column":0},"end":{"line":18,"column":null}},"3":{"start":{"line":20,"column":19},"end":{"line":28,"column":null}},"4":{"start":{"line":24,"column":2},"end":{"line":28,"column":null}},"5":{"start":{"line":30,"column":0},"end":{"line":30,"column":null}},"6":{"start":{"line":32,"column":18},"end":{"line":43,"column":null}},"7":{"start":{"line":36,"column":2},"end":{"line":43,"column":null}},"8":{"start":{"line":45,"column":0},"end":{"line":45,"column":null}},"9":{"start":{"line":47,"column":24},"end":{"line":55,"column":null}},"10":{"start":{"line":51,"column":2},"end":{"line":55,"column":null}},"11":{"start":{"line":57,"column":0},"end":{"line":57,"column":null}},"12":{"start":{"line":59,"column":20},"end":{"line":63,"column":null}},"13":{"start":{"line":63,"column":2},"end":{"line":63,"column":null}},"14":{"start":{"line":65,"column":0},"end":{"line":65,"column":null}},"15":{"start":{"line":67,"column":19},"end":{"line":75,"column":null}},"16":{"start":{"line":71,"column":2},"end":{"line":75,"column":null}},"17":{"start":{"line":77,"column":0},"end":{"line":77,"column":null}}},"fnMap":{"0":{"name":"(anonymous_0)","decl":{"start":{"line":5,"column":19},"end":{"line":5,"column":null}},"loc":{"start":{"line":9,"column":2},"end":{"line":16,"column":null}},"line":9},"1":{"name":"(anonymous_1)","decl":{"start":{"line":20,"column":25},"end":{"line":20,"column":null}},"loc":{"start":{"line":24,"column":2},"end":{"line":28,"column":null}},"line":24},"2":{"name":"(anonymous_2)","decl":{"start":{"line":32,"column":24},"end":{"line":32,"column":null}},"loc":{"start":{"line":36,"column":2},"end":{"line":43,"column":null}},"line":36},"3":{"name":"(anonymous_3)","decl":{"start":{"line":47,"column":30},"end":{"line":47,"column":null}},"loc":{"start":{"line":51,"column":2},"end":{"line":55,"column":null}},"line":51},"4":{"name":"(anonymous_4)","decl":{"start":{"line":59,"column":26},"end":{"line":59,"column":null}},"loc":{"start":{"line":63,"column":2},"end":{"line":63,"column":null}},"line":63},"5":{"name":"(anonymous_5)","decl":{"start":{"line":67,"column":25},"end":{"line":67,"column":null}},"loc":{"start":{"line":71,"column":2},"end":{"line":75,"column":null}},"line":71}},"branchMap":{},"s":{"0":1,"1":0,"2":1,"3":1,"4":0,"5":1,"6":1,"7":0,"8":1,"9":1,"10":0,"11":1,"12":1,"13":0,"14":1,"15":1,"16":0,"17":1},"f":{"0":0,"1":0,"2":0,"3":0,"4":0,"5":0},"b":{},"meta":{"lastBranch":0,"lastFunction":6,"lastStatement":18,"seen":{"s:5:13:16:Infinity":0,"f:5:19:5:Infinity":0,"s:9:2:16:Infinity":1,"s:18:0:18:Infinity":2,"s:20:19:28:Infinity":3,"f:20:25:20:Infinity":1,"s:24:2:28:Infinity":4,"s:30:0:30:Infinity":5,"s:32:18:43:Infinity":6,"f:32:24:32:Infinity":2,"s:36:2:43:Infinity":7,"s:45:0:45:Infinity":8,"s:47:24:55:Infinity":9,"f:47:30:47:Infinity":3,"s:51:2:55:Infinity":10,"s:57:0:57:Infinity":11,"s:59:20:63:Infinity":12,"f:59:26:59:Infinity":4,"s:63:2:63:Infinity":13,"s:65:0:65:Infinity":14,"s:67:19:75:Infinity":15,"f:67:25:67:Infinity":5,"s:71:2:75:Infinity":16,"s:77:0:77:Infinity":17}}}
,"/home/mit/projects/PFE/CoursePalette/src/components/ui/use-toast.ts": {"path":"/home/mit/projects/PFE/CoursePalette/src/components/ui/use-toast.ts","statementMap":{},"fnMap":{},"branchMap":{},"s":{},"f":{},"b":{},"meta":{"lastBranch":0,"lastFunction":0,"lastStatement":0,"seen":{}}}
,"/home/mit/projects/PFE/CoursePalette/src/hooks/use-toast.ts": {"path":"/home/mit/projects/PFE/CoursePalette/src/hooks/use-toast.ts","statementMap":{"0":{"start":{"line":5,"column":20},"end":{"line":5,"column":null}},"1":{"start":{"line":6,"column":27},"end":{"line":6,"column":null}},"2":{"start":{"line":15,"column":20},"end":{"line":20,"column":null}},"3":{"start":{"line":22,"column":12},"end":{"line":22,"column":null}},"4":{"start":{"line":25,"column":2},"end":{"line":25,"column":null}},"5":{"start":{"line":26,"column":2},"end":{"line":26,"column":null}},"6":{"start":{"line":53,"column":22},"end":{"line":53,"column":null}},"7":{"start":{"line":55,"column":6},"end":{"line":69,"column":null}},"8":{"start":{"line":56,"column":2},"end":{"line":58,"column":null}},"9":{"start":{"line":57,"column":4},"end":{"line":57,"column":null}},"10":{"start":{"line":60,"column":18},"end":{"line":66,"column":null}},"11":{"start":{"line":61,"column":4},"end":{"line":61,"column":null}},"12":{"start":{"line":62,"column":4},"end":{"line":65,"column":null}},"13":{"start":{"line":68,"column":2},"end":{"line":68,"column":null}},"14":{"start":{"line":71,"column":13},"end":{"line":124,"column":null}},"15":{"start":{"line":72,"column":2},"end":{"line":123,"column":null}},"16":{"start":{"line":74,"column":6},"end":{"line":77,"column":null}},"17":{"start":{"line":80,"column":6},"end":{"line":85,"column":null}},"18":{"start":{"line":83,"column":10},"end":{"line":83,"column":null}},"19":{"start":{"line":88,"column":26},"end":{"line":88,"column":null}},"20":{"start":{"line":92,"column":6},"end":{"line":98,"column":null}},"21":{"start":{"line":93,"column":8},"end":{"line":93,"column":null}},"22":{"start":{"line":95,"column":8},"end":{"line":97,"column":null}},"23":{"start":{"line":96,"column":10},"end":{"line":96,"column":null}},"24":{"start":{"line":100,"column":6},"end":{"line":110,"column":null}},"25":{"start":{"line":103,"column":10},"end":{"line":108,"column":null}},"26":{"start":{"line":113,"column":6},"end":{"line":118,"column":null}},"27":{"start":{"line":114,"column":8},"end":{"line":117,"column":null}},"28":{"start":{"line":119,"column":6},"end":{"line":122,"column":null}},"29":{"start":{"line":121,"column":43},"end":{"line":121,"column":66}},"30":{"start":{"line":126,"column":49},"end":{"line":126,"column":50}},"31":{"start":{"line":128,"column":25},"end":{"line":128,"column":null}},"32":{"start":{"line":131,"column":2},"end":{"line":131,"column":null}},"33":{"start":{"line":132,"column":2},"end":{"line":134,"column":null}},"34":{"start":{"line":133,"column":4},"end":{"line":133,"column":null}},"35":{"start":{"line":140,"column":13},"end":{"line":140,"column":null}},"36":{"start":{"line":142,"column":8},"end":{"line":146,"column":null}},"37":{"start":{"line":143,"column":4},"end":{"line":146,"column":null}},"38":{"start":{"line":147,"column":8},"end":{"line":147,"column":null}},"39":{"start":{"line":147,"column":24},"end":{"line":147,"column":null}},"40":{"start":{"line":149,"column":2},"end":{"line":159,"column":null}},"41":{"start":{"line":156,"column":8},"end":{"line":156,"column":null}},"42":{"start":{"line":156,"column":19},"end":{"line":156,"column":null}},"43":{"start":{"line":161,"column":2},"end":{"line":165,"column":null}},"44":{"start":{"line":169,"column":28},"end":{"line":169,"column":null}},"45":{"start":{"line":171,"column":2},"end":{"line":179,"column":null}},"46":{"start":{"line":172,"column":4},"end":{"line":172,"column":null}},"47":{"start":{"line":173,"column":4},"end":{"line":178,"column":null}},"48":{"start":{"line":174,"column":20},"end":{"line":174,"column":null}},"49":{"start":{"line":175,"column":6},"end":{"line":177,"column":null}},"50":{"start":{"line":176,"column":8},"end":{"line":176,"column":null}},"51":{"start":{"line":181,"column":2},"end":{"line":185,"column":null}},"52":{"start":{"line":184,"column":35},"end":{"line":184,"column":null}}},"fnMap":{"0":{"name":"genId","decl":{"start":{"line":24,"column":9},"end":{"line":24,"column":null}},"loc":{"start":{"line":24,"column":9},"end":{"line":27,"column":null}},"line":24},"1":{"name":"(anonymous_1)","decl":{"start":{"line":55,"column":6},"end":{"line":55,"column":26}},"loc":{"start":{"line":55,"column":26},"end":{"line":69,"column":null}},"line":55},"2":{"name":"(anonymous_2)","decl":{"start":{"line":60,"column":18},"end":{"line":60,"column":null}},"loc":{"start":{"line":60,"column":18},"end":{"line":66,"column":5}},"line":60},"3":{"name":"(anonymous_3)","decl":{"start":{"line":71,"column":13},"end":{"line":71,"column":24}},"loc":{"start":{"line":71,"column":38},"end":{"line":124,"column":null}},"line":71},"4":{"name":"(anonymous_4)","decl":{"start":{"line":82,"column":29},"end":{"line":82,"column":34}},"loc":{"start":{"line":83,"column":10},"end":{"line":83,"column":null}},"line":83},"5":{"name":"(anonymous_5)","decl":{"start":{"line":95,"column":21},"end":{"line":95,"column":30}},"loc":{"start":{"line":95,"column":30},"end":{"line":97,"column":null}},"line":95},"6":{"name":"(anonymous_6)","decl":{"start":{"line":102,"column":29},"end":{"line":102,"column":34}},"loc":{"start":{"line":103,"column":10},"end":{"line":108,"column":null}},"line":103},"7":{"name":"(anonymous_7)","decl":{"start":{"line":121,"column":29},"end":{"line":121,"column":37}},"loc":{"start":{"line":121,"column":43},"end":{"line":121,"column":66}},"line":121},"8":{"name":"dispatch","decl":{"start":{"line":130,"column":9},"end":{"line":130,"column":18}},"loc":{"start":{"line":130,"column":18},"end":{"line":135,"column":null}},"line":130},"9":{"name":"(anonymous_9)","decl":{"start":{"line":132,"column":12},"end":{"line":132,"column":21}},"loc":{"start":{"line":132,"column":21},"end":{"line":134,"column":null}},"line":132},"10":{"name":"toast","decl":{"start":{"line":139,"column":9},"end":{"line":139,"column":15}},"loc":{"start":{"line":139,"column":20},"end":{"line":166,"column":null}},"line":139},"11":{"name":"(anonymous_11)","decl":{"start":{"line":142,"column":8},"end":{"line":142,"column":18}},"loc":{"start":{"line":143,"column":4},"end":{"line":146,"column":null}},"line":143},"12":{"name":"(anonymous_12)","decl":{"start":{"line":147,"column":8},"end":{"line":147,"column":24}},"loc":{"start":{"line":147,"column":24},"end":{"line":147,"column":null}},"line":147},"13":{"name":"(anonymous_13)","decl":{"start":{"line":155,"column":6},"end":{"line":155,"column":21}},"loc":{"start":{"line":155,"column":21},"end":{"line":157,"column":null}},"line":155},"14":{"name":"useToast","decl":{"start":{"line":168,"column":9},"end":{"line":168,"column":null}},"loc":{"start":{"line":168,"column":9},"end":{"line":186,"column":null}},"line":168},"15":{"name":"(anonymous_15)","decl":{"start":{"line":171,"column":8},"end":{"line":171,"column":null}},"loc":{"start":{"line":171,"column":8},"end":{"line":179,"column":5}},"line":171},"16":{"name":"(anonymous_16)","decl":{"start":{"line":173,"column":4},"end":{"line":173,"column":null}},"loc":{"start":{"line":173,"column":4},"end":{"line":178,"column":null}},"line":173},"17":{"name":"(anonymous_17)","decl":{"start":{"line":184,"column":4},"end":{"line":184,"column":14}},"loc":{"start":{"line":184,"column":35},"end":{"line":184,"column":null}},"line":184}},"branchMap":{"0":{"loc":{"start":{"line":56,"column":2},"end":{"line":58,"column":null}},"type":"if","locations":[{"start":{"line":56,"column":2},"end":{"line":58,"column":null}},{"start":{},"end":{}}],"line":56},"1":{"loc":{"start":{"line":72,"column":2},"end":{"line":123,"column":null}},"type":"switch","locations":[{"start":{"line":73,"column":4},"end":{"line":77,"column":null}},{"start":{"line":79,"column":4},"end":{"line":85,"column":null}},{"start":{"line":87,"column":4},"end":{"line":111,"column":null}},{"start":{"line":112,"column":4},"end":{"line":122,"column":null}}],"line":72},"2":{"loc":{"start":{"line":83,"column":10},"end":{"line":83,"column":null}},"type":"cond-expr","locations":[{"start":{"line":83,"column":37},"end":{"line":83,"column":65}},{"start":{"line":83,"column":65},"end":{"line":83,"column":null}}],"line":83},"3":{"loc":{"start":{"line":92,"column":6},"end":{"line":98,"column":null}},"type":"if","locations":[{"start":{"line":92,"column":6},"end":{"line":98,"column":null}},{"start":{"line":94,"column":13},"end":{"line":98,"column":null}}],"line":92},"4":{"loc":{"start":{"line":103,"column":10},"end":{"line":108,"column":null}},"type":"cond-expr","locations":[{"start":{"line":104,"column":14},"end":{"line":107,"column":null}},{"start":{"line":108,"column":14},"end":{"line":108,"column":null}}],"line":103},"5":{"loc":{"start":{"line":103,"column":10},"end":{"line":103,"column":null}},"type":"binary-expr","locations":[{"start":{"line":103,"column":10},"end":{"line":103,"column":30}},{"start":{"line":103,"column":30},"end":{"line":103,"column":null}}],"line":103},"6":{"loc":{"start":{"line":113,"column":6},"end":{"line":118,"column":null}},"type":"if","locations":[{"start":{"line":113,"column":6},"end":{"line":118,"column":null}},{"start":{},"end":{}}],"line":113},"7":{"loc":{"start":{"line":156,"column":8},"end":{"line":156,"column":null}},"type":"if","locations":[{"start":{"line":156,"column":8},"end":{"line":156,"column":null}},{"start":{},"end":{}}],"line":156},"8":{"loc":{"start":{"line":175,"column":6},"end":{"line":177,"column":null}},"type":"if","locations":[{"start":{"line":175,"column":6},"end":{"line":177,"column":null}},{"start":{},"end":{}}],"line":175}},"s":{"0":1,"1":1,"2":1,"3":1,"4":0,"5":0,"6":1,"7":1,"8":0,"9":0,"10":0,"11":0,"12":0,"13":0,"14":1,"15":0,"16":0,"17":0,"18":0,"19":0,"20":0,"21":0,"22":0,"23":0,"24":0,"25":0,"26":0,"27":0,"28":0,"29":0,"30":1,"31":1,"32":0,"33":0,"34":0,"35":0,"36":0,"37":0,"38":0,"39":0,"40":0,"41":0,"42":0,"43":0,"44":0,"45":0,"46":0,"47":0,"48":0,"49":0,"50":0,"51":0,"52":0},"f":{"0":0,"1":0,"2":0,"3":0,"4":0,"5":0,"6":0,"7":0,"8":0,"9":0,"10":0,"11":0,"12":0,"13":0,"14":0,"15":0,"16":0,"17":0},"b":{"0":[0,0],"1":[0,0,0,0],"2":[0,0],"3":[0,0],"4":[0,0],"5":[0,0],"6":[0,0],"7":[0,0],"8":[0,0]},"meta":{"lastBranch":9,"lastFunction":18,"lastStatement":53,"seen":{"s:5:20:5:Infinity":0,"s:6:27:6:Infinity":1,"s:15:20:20:Infinity":2,"s:22:12:22:Infinity":3,"f:24:9:24:Infinity":0,"s:25:2:25:Infinity":4,"s:26:2:26:Infinity":5,"s:53:22:53:Infinity":6,"s:55:6:69:Infinity":7,"f:55:6:55:26":1,"b:56:2:58:Infinity:undefined:undefined:undefined:undefined":0,"s:56:2:58:Infinity":8,"s:57:4:57:Infinity":9,"s:60:18:66:Infinity":10,"f:60:18:60:Infinity":2,"s:61:4:61:Infinity":11,"s:62:4:65:Infinity":12,"s:68:2:68:Infinity":13,"s:71:13:124:Infinity":14,"f:71:13:71:24":3,"b:73:4:77:Infinity:79:4:85:Infinity:87:4:111:Infinity:112:4:122:Infinity":1,"s:72:2:123:Infinity":15,"s:74:6:77:Infinity":16,"s:80:6:85:Infinity":17,"f:82:29:82:34":4,"s:83:10:83:Infinity":18,"b:83:37:83:65:83:65:83:Infinity":2,"s:88:26:88:Infinity":19,"b:92:6:98:Infinity:94:13:98:Infinity":3,"s:92:6:98:Infinity":20,"s:93:8:93:Infinity":21,"s:95:8:97:Infinity":22,"f:95:21:95:30":5,"s:96:10:96:Infinity":23,"s:100:6:110:Infinity":24,"f:102:29:102:34":6,"s:103:10:108:Infinity":25,"b:104:14:107:Infinity:108:14:108:Infinity":4,"b:103:10:103:30:103:30:103:Infinity":5,"b:113:6:118:Infinity:undefined:undefined:undefined:undefined":6,"s:113:6:118:Infinity":26,"s:114:8:117:Infinity":27,"s:119:6:122:Infinity":28,"f:121:29:121:37":7,"s:121:43:121:66":29,"s:126:49:126:50":30,"s:128:25:128:Infinity":31,"f:130:9:130:18":8,"s:131:2:131:Infinity":32,"s:132:2:134:Infinity":33,"f:132:12:132:21":9,"s:133:4:133:Infinity":34,"f:139:9:139:15":10,"s:140:13:140:Infinity":35,"s:142:8:146:Infinity":36,"f:142:8:142:18":11,"s:143:4:146:Infinity":37,"s:147:8:147:Infinity":38,"f:147:8:147:24":12,"s:147:24:147:Infinity":39,"s:149:2:159:Infinity":40,"f:155:6:155:21":13,"b:156:8:156:Infinity:undefined:undefined:undefined:undefined":7,"s:156:8:156:Infinity":41,"s:156:19:156:Infinity":42,"s:161:2:165:Infinity":43,"f:168:9:168:Infinity":14,"s:169:28:169:Infinity":44,"s:171:2:179:Infinity":45,"f:171:8:171:Infinity":15,"s:172:4:172:Infinity":46,"s:173:4:178:Infinity":47,"f:173:4:173:Infinity":16,"s:174:20:174:Infinity":48,"b:175:6:177:Infinity:undefined:undefined:undefined:undefined":8,"s:175:6:177:Infinity":49,"s:176:8:176:Infinity":50,"s:181:2:185:Infinity":51,"f:184:4:184:14":17,"s:184:35:184:Infinity":52}}}
,"/home/mit/projects/PFE/CoursePalette/src/hooks/useAuth.tsx": {"path":"/home/mit/projects/PFE/CoursePalette/src/hooks/useAuth.tsx","statementMap":{"0":{"start":{"line":16,"column":6},"end":{"line":16,"column":null}},"1":{"start":{"line":19,"column":23},"end":{"line":19,"column":null}},"2":{"start":{"line":21,"column":13},"end":{"line":319,"column":null}},"3":{"start":{"line":22,"column":16},"end":{"line":23,"column":null}},"4":{"start":{"line":25,"column":25},"end":{"line":25,"column":null}},"5":{"start":{"line":26,"column":10},"end":{"line":26,"column":null}},"6":{"start":{"line":27,"column":8},"end":{"line":27,"column":null}},"7":{"start":{"line":34,"column":13},"end":{"line":48,"column":null}},"8":{"start":{"line":38,"column":23},"end":{"line":38,"column":null}},"9":{"start":{"line":39,"column":6},"end":{"line":41,"column":null}},"10":{"start":{"line":40,"column":8},"end":{"line":40,"column":null}},"11":{"start":{"line":42,"column":6},"end":{"line":42,"column":null}},"12":{"start":{"line":50,"column":20},"end":{"line":50,"column":null}},"13":{"start":{"line":51,"column":18},"end":{"line":51,"column":null}},"14":{"start":{"line":52,"column":20},"end":{"line":52,"column":null}},"15":{"start":{"line":53,"column":20},"end":{"line":53,"column":null}},"16":{"start":{"line":56,"column":2},"end":{"line":73,"column":null}},"17":{"start":{"line":57,"column":4},"end":{"line":60,"column":null}},"18":{"start":{"line":58,"column":6},"end":{"line":58,"column":null}},"19":{"start":{"line":59,"column":6},"end":{"line":59,"column":null}},"20":{"start":{"line":62,"column":4},"end":{"line":72,"column":null}},"21":{"start":{"line":64,"column":6},"end":{"line":64,"column":null}},"22":{"start":{"line":65,"column":6},"end":{"line":65,"column":null}},"23":{"start":{"line":66,"column":6},"end":{"line":66,"column":null}},"24":{"start":{"line":67,"column":6},"end":{"line":67,"column":null}},"25":{"start":{"line":68,"column":6},"end":{"line":68,"column":null}},"26":{"start":{"line":69,"column":11},"end":{"line":72,"column":null}},"27":{"start":{"line":71,"column":6},"end":{"line":71,"column":null}},"28":{"start":{"line":75,"column":16},"end":{"line":123,"column":null}},"29":{"start":{"line":76,"column":4},"end":{"line":122,"column":null}},"30":{"start":{"line":77,"column":23},"end":{"line":77,"column":null}},"31":{"start":{"line":80,"column":6},"end":{"line":87,"column":null}},"32":{"start":{"line":81,"column":8},"end":{"line":85,"column":null}},"33":{"start":{"line":86,"column":8},"end":{"line":86,"column":null}},"34":{"start":{"line":89,"column":6},"end":{"line":91,"column":null}},"35":{"start":{"line":90,"column":8},"end":{"line":90,"column":null}},"36":{"start":{"line":94,"column":6},"end":{"line":94,"column":null}},"37":{"start":{"line":95,"column":6},"end":{"line":95,"column":null}},"38":{"start":{"line":98,"column":23},"end":{"line":98,"column":null}},"39":{"start":{"line":100,"column":6},"end":{"line":102,"column":null}},"40":{"start":{"line":101,"column":8},"end":{"line":101,"column":null}},"41":{"start":{"line":104,"column":6},"end":{"line":107,"column":null}},"42":{"start":{"line":109,"column":6},"end":{"line":109,"column":null}},"43":{"start":{"line":111,"column":6},"end":{"line":111,"column":null}},"44":{"start":{"line":113,"column":6},"end":{"line":113,"column":null}},"45":{"start":{"line":115,"column":6},"end":{"line":119,"column":null}},"46":{"start":{"line":121,"column":6},"end":{"line":121,"column":null}},"47":{"start":{"line":125,"column":19},"end":{"line":175,"column":null}},"48":{"start":{"line":131,"column":4},"end":{"line":174,"column":null}},"49":{"start":{"line":132,"column":23},"end":{"line":139,"column":null}},"50":{"start":{"line":143,"column":6},"end":{"line":146,"column":null}},"51":{"start":{"line":148,"column":6},"end":{"line":148,"column":null}},"52":{"start":{"line":150,"column":6},"end":{"line":173,"column":null}},"53":{"start":{"line":151,"column":33},"end":{"line":151,"column":null}},"54":{"start":{"line":152,"column":30},"end":{"line":154,"column":null}},"55":{"start":{"line":154,"column":27},"end":{"line":154,"column":null}},"56":{"start":{"line":155,"column":29},"end":{"line":155,"column":null}},"57":{"start":{"line":157,"column":8},"end":{"line":161,"column":null}},"58":{"start":{"line":162,"column":8},"end":{"line":162,"column":null}},"59":{"start":{"line":164,"column":8},"end":{"line":164,"column":null}},"60":{"start":{"line":166,"column":8},"end":{"line":170,"column":null}},"61":{"start":{"line":172,"column":8},"end":{"line":172,"column":null}},"62":{"start":{"line":177,"column":17},"end":{"line":194,"column":null}},"63":{"start":{"line":178,"column":4},"end":{"line":182,"column":null}},"64":{"start":{"line":179,"column":6},"end":{"line":179,"column":null}},"65":{"start":{"line":181,"column":6},"end":{"line":181,"column":null}},"66":{"start":{"line":184,"column":4},"end":{"line":184,"column":null}},"67":{"start":{"line":185,"column":4},"end":{"line":185,"column":null}},"68":{"start":{"line":188,"column":4},"end":{"line":188,"column":null}},"69":{"start":{"line":190,"column":4},"end":{"line":193,"column":null}},"70":{"start":{"line":197,"column":22},"end":{"line":216,"column":null}},"71":{"start":{"line":198,"column":4},"end":{"line":215,"column":null}},"72":{"start":{"line":199,"column":23},"end":{"line":199,"column":null}},"73":{"start":{"line":200,"column":6},"end":{"line":204,"column":null}},"74":{"start":{"line":205,"column":6},"end":{"line":205,"column":null}},"75":{"start":{"line":207,"column":6},"end":{"line":207,"column":null}},"76":{"start":{"line":208,"column":6},"end":{"line":213,"column":null}},"77":{"start":{"line":214,"column":6},"end":{"line":214,"column":null}},"78":{"start":{"line":218,"column":34},"end":{"line":235,"column":null}},"79":{"start":{"line":219,"column":4},"end":{"line":234,"column":null}},"80":{"start":{"line":220,"column":6},"end":{"line":220,"column":null}},"81":{"start":{"line":221,"column":6},"end":{"line":224,"column":null}},"82":{"start":{"line":226,"column":6},"end":{"line":226,"column":null}},"83":{"start":{"line":227,"column":6},"end":{"line":232,"column":null}},"84":{"start":{"line":233,"column":6},"end":{"line":233,"column":null}},"85":{"start":{"line":238,"column":25},"end":{"line":255,"column":null}},"86":{"start":{"line":239,"column":4},"end":{"line":254,"column":null}},"87":{"start":{"line":240,"column":6},"end":{"line":240,"column":null}},"88":{"start":{"line":241,"column":6},"end":{"line":244,"column":null}},"89":{"start":{"line":246,"column":6},"end":{"line":246,"column":null}},"90":{"start":{"line":247,"column":6},"end":{"line":252,"column":null}},"91":{"start":{"line":253,"column":6},"end":{"line":253,"column":null}},"92":{"start":{"line":257,"column":24},"end":{"line":286,"column":null}},"93":{"start":{"line":263,"column":4},"end":{"line":285,"column":null}},"94":{"start":{"line":264,"column":6},"end":{"line":269,"column":null}},"95":{"start":{"line":271,"column":6},"end":{"line":275,"column":null}},"96":{"start":{"line":277,"column":6},"end":{"line":277,"column":null}},"97":{"start":{"line":278,"column":6},"end":{"line":283,"column":null}},"98":{"start":{"line":284,"column":6},"end":{"line":284,"column":null}},"99":{"start":{"line":289,"column":8},"end":{"line":291,"column":null}},"100":{"start":{"line":290,"column":4},"end":{"line":290,"column":null}},"101":{"start":{"line":293,"column":16},"end":{"line":309,"column":null}},"102":{"start":{"line":311,"column":2},"end":{"line":316,"column":null}},"103":{"start":{"line":321,"column":13},"end":{"line":327,"column":null}},"104":{"start":{"line":322,"column":8},"end":{"line":322,"column":null}},"105":{"start":{"line":323,"column":2},"end":{"line":325,"column":null}},"106":{"start":{"line":324,"column":4},"end":{"line":324,"column":null}},"107":{"start":{"line":326,"column":2},"end":{"line":326,"column":null}}},"fnMap":{"0":{"name":"(anonymous_0)","decl":{"start":{"line":21,"column":13},"end":{"line":21,"column":29}},"loc":{"start":{"line":21,"column":31},"end":{"line":319,"column":null}},"line":21},"1":{"name":"(anonymous_1)","decl":{"start":{"line":37,"column":13},"end":{"line":37,"column":null}},"loc":{"start":{"line":37,"column":13},"end":{"line":43,"column":null}},"line":37},"2":{"name":"(anonymous_2)","decl":{"start":{"line":56,"column":2},"end":{"line":56,"column":null}},"loc":{"start":{"line":56,"column":2},"end":{"line":73,"column":5}},"line":56},"3":{"name":"(anonymous_3)","decl":{"start":{"line":75,"column":16},"end":{"line":75,"column":23}},"loc":{"start":{"line":75,"column":38},"end":{"line":123,"column":null}},"line":75},"4":{"name":"(anonymous_4)","decl":{"start":{"line":125,"column":19},"end":{"line":125,"column":null}},"loc":{"start":{"line":129,"column":4},"end":{"line":175,"column":null}},"line":129},"5":{"name":"(anonymous_5)","decl":{"start":{"line":154,"column":11},"end":{"line":154,"column":19}},"loc":{"start":{"line":154,"column":27},"end":{"line":154,"column":null}},"line":154},"6":{"name":"(anonymous_6)","decl":{"start":{"line":177,"column":17},"end":{"line":177,"column":null}},"loc":{"start":{"line":177,"column":17},"end":{"line":194,"column":null}},"line":177},"7":{"name":"(anonymous_7)","decl":{"start":{"line":197,"column":22},"end":{"line":197,"column":29}},"loc":{"start":{"line":197,"column":41},"end":{"line":216,"column":null}},"line":197},"8":{"name":"(anonymous_8)","decl":{"start":{"line":218,"column":34},"end":{"line":218,"column":41}},"loc":{"start":{"line":218,"column":41},"end":{"line":235,"column":null}},"line":218},"9":{"name":"(anonymous_9)","decl":{"start":{"line":238,"column":25},"end":{"line":238,"column":32}},"loc":{"start":{"line":238,"column":32},"end":{"line":255,"column":null}},"line":238},"10":{"name":"(anonymous_10)","decl":{"start":{"line":257,"column":24},"end":{"line":257,"column":null}},"loc":{"start":{"line":261,"column":4},"end":{"line":286,"column":null}},"line":261},"11":{"name":"(anonymous_11)","decl":{"start":{"line":289,"column":8},"end":{"line":289,"column":null}},"loc":{"start":{"line":289,"column":8},"end":{"line":291,"column":null}},"line":289},"12":{"name":"(anonymous_12)","decl":{"start":{"line":321,"column":13},"end":{"line":321,"column":null}},"loc":{"start":{"line":321,"column":13},"end":{"line":327,"column":null}},"line":321}},"branchMap":{"0":{"loc":{"start":{"line":39,"column":6},"end":{"line":41,"column":null}},"type":"if","locations":[{"start":{"line":39,"column":6},"end":{"line":41,"column":null}},{"start":{},"end":{}}],"line":39},"1":{"loc":{"start":{"line":39,"column":10},"end":{"line":39,"column":39}},"type":"binary-expr","locations":[{"start":{"line":39,"column":10},"end":{"line":39,"column":23}},{"start":{"line":39,"column":23},"end":{"line":39,"column":39}}],"line":39},"2":{"loc":{"start":{"line":50,"column":20},"end":{"line":50,"column":null}},"type":"binary-expr","locations":[{"start":{"line":50,"column":20},"end":{"line":50,"column":38}},{"start":{"line":50,"column":38},"end":{"line":50,"column":null}}],"line":50},"3":{"loc":{"start":{"line":57,"column":4},"end":{"line":60,"column":null}},"type":"if","locations":[{"start":{"line":57,"column":4},"end":{"line":60,"column":null}},{"start":{},"end":{}}],"line":57},"4":{"loc":{"start":{"line":62,"column":4},"end":{"line":72,"column":null}},"type":"if","locations":[{"start":{"line":62,"column":4},"end":{"line":72,"column":null}},{"start":{"line":69,"column":11},"end":{"line":72,"column":null}}],"line":62},"5":{"loc":{"start":{"line":69,"column":11},"end":{"line":72,"column":null}},"type":"if","locations":[{"start":{"line":69,"column":11},"end":{"line":72,"column":null}},{"start":{},"end":{}}],"line":69},"6":{"loc":{"start":{"line":80,"column":6},"end":{"line":87,"column":null}},"type":"if","locations":[{"start":{"line":80,"column":6},"end":{"line":87,"column":null}},{"start":{},"end":{}}],"line":80},"7":{"loc":{"start":{"line":89,"column":6},"end":{"line":91,"column":null}},"type":"if","locations":[{"start":{"line":89,"column":6},"end":{"line":91,"column":null}},{"start":{},"end":{}}],"line":89},"8":{"loc":{"start":{"line":100,"column":6},"end":{"line":102,"column":null}},"type":"if","locations":[{"start":{"line":100,"column":6},"end":{"line":102,"column":null}},{"start":{},"end":{}}],"line":100},"9":{"loc":{"start":{"line":148,"column":13},"end":{"line":148,"column":null}},"type":"binary-expr","locations":[{"start":{"line":148,"column":13},"end":{"line":148,"column":30}},{"start":{"line":148,"column":30},"end":{"line":148,"column":null}}],"line":148},"10":{"loc":{"start":{"line":150,"column":6},"end":{"line":173,"column":null}},"type":"if","locations":[{"start":{"line":150,"column":6},"end":{"line":173,"column":null}},{"start":{"line":163,"column":13},"end":{"line":173,"column":null}}],"line":150},"11":{"loc":{"start":{"line":151,"column":33},"end":{"line":151,"column":null}},"type":"binary-e
[...]
,"column":31},"end":{"line":25,"column":null}},"1":{"start":{"line":28,"column":32},"end":{"line":28,"column":null}},"2":{"start":{"line":79,"column":18},"end":{"line":79,"column":null}},"3":{"start":{"line":81,"column":4},"end":{"line":162,"column":null}},"4":{"start":{"line":83,"column":6},"end":{"line":85,"column":null}},"5":{"start":{"line":84,"column":8},"end":{"line":84,"column":null}},"6":{"start":{"line":88,"column":6},"end":{"line":113,"column":null}},"7":{"start":{"line":89,"column":8},"end":{"line":95,"column":null}},"8":{"start":{"line":98,"column":8},"end":{"line":101,"column":null}},"9":{"start":{"line":100,"column":10},"end":{"line":100,"column":null}},"10":{"start":{"line":103,"column":8},"end":{"line":103,"column":null}},"11":{"start":{"line":105,"column":8},"end":{"line":109,"column":null}},"12":{"start":{"line":106,"column":10},"end":{"line":106,"column":null}},"13":{"start":{"line":107,"column":10},"end":{"line":107,"column":null}},"14":{"start":{"line":108,"column":10},"end":{"line":108,"column":null}},"15":{"start":{"line":112,"column":8},"end":{"line":112,"column":null}},"16":{"start":{"line":115,"column":6},"end":{"line":128,"column":null}},"17":{"start":{"line":116,"column":26},"end":{"line":118,"column":null}},"18":{"start":{"line":119,"column":8},"end":{"line":119,"column":null}},"19":{"start":{"line":121,"column":8},"end":{"line":125,"column":null}},"20":{"start":{"line":122,"column":10},"end":{"line":122,"column":null}},"21":{"start":{"line":123,"column":10},"end":{"line":123,"column":null}},"22":{"start":{"line":124,"column":10},"end":{"line":124,"column":null}},"23":{"start":{"line":127,"column":8},"end":{"line":127,"column":null}},"24":{"start":{"line":130,"column":6},"end":{"line":134,"column":null}},"25":{"start":{"line":131,"column":8},"end":{"line":132,"column":null}},"26":{"start":{"line":137,"column":30},"end":{"line":137,"column":null}},"27":{"start":{"line":138,"column":6},"end":{"line":150,"column":null}},"28":{"start":{"line":139,"column":8},"end":{"line":139,"column":null}},"29":{"start":{"line":141,"column":8},"end":{"line":141,"column":null}},"30":{"start":{"line":143,"column":8},"end":{"line":146,"column":null}},"31":{"start":{"line":145,"column":10},"end":{"line":145,"column":null}},"32":{"start":{"line":148,"column":8},"end":{"line":148,"column":null}},"33":{"start":{"line":149,"column":8},"end":{"line":149,"column":null}},"34":{"start":{"line":152,"column":6},"end":{"line":156,"column":null}},"35":{"start":{"line":153,"column":8},"end":{"line":153,"column":null}},"36":{"start":{"line":154,"column":8},"end":{"line":154,"column":null}},"37":{"start":{"line":155,"column":8},"end":{"line":155,"column":null}},"38":{"start":{"line":159,"column":6},"end":{"line":161,"column":null}},"39":{"start":{"line":182,"column":20},"end":{"line":182,"column":null}},"40":{"start":{"line":184,"column":4},"end":{"line":186,"column":null}},"41":{"start":{"line":185,"column":6},"end":{"line":185,"column":null}},"42":{"start":{"line":188,"column":20},"end":{"line":188,"column":null}},"43":{"start":{"line":191,"column":4},"end":{"line":193,"column":null}},"44":{"start":{"line":192,"column":6},"end":{"line":192,"column":null}},"45":{"start":{"line":195,"column":4},"end":{"line":211,"column":null}},"46":{"start":{"line":196,"column":21},"end":{"line":196,"column":null}},"47":{"start":{"line":201,"column":6},"end":{"line":203,"column":null}},"48":{"start":{"line":202,"column":8},"end":{"line":202,"column":null}},"49":{"start":{"line":206,"column":6},"end":{"line":208,"column":null}},"50":{"start":{"line":207,"column":8},"end":{"line":207,"column":null}},"51":{"start":{"line":213,"column":4},"end":{"line":213,"column":null}},"52":{"start":{"line":226,"column":4},"end":{"line":231,"column":null}},"53":{"start":{"line":230,"column":6},"end":{"line":230,"column":null}},"54":{"start":{"line":253,"column":20},"end":{"line":253,"column":null}},"55":{"start":{"line":255,"column":4},"end":{"line":262,"column":null}},"56":{"start":{"line":259,"column":6},"end":{"line":261,"column":null}},"57":{"start":{"line":264,"column":4},"end":{"line":264,"column":null}},"58":{"start":{"line":264,"column":42},"end":{"line":264,"column":null}},"59":{"start":{"line":288,"column":19},"end":{"line":288,"column":null}},"60":{"start":{"line":289,"column":20},"end":{"line":289,"column":null}},"61":{"start":{"line":290,"column":17},"end":{"line":290,"column":null}},"62":{"start":{"line":292,"column":4},"end":{"line":343,"column":null}},"63":{"start":{"line":293,"column":6},"end":{"line":334,"column":null}},"64":{"start":{"line":295,"column":8},"end":{"line":297,"column":null}},"65":{"start":{"line":296,"column":10},"end":{"line":296,"column":null}},"66":{"start":{"line":299,"column":32},"end":{"line":299,"column":null}},"67":{"start":{"line":301,"column":8},"end":{"line":309,"column":null}},"68":{"start":{"line":303,"column":10},"end":{"line":307,"column":null}},"69":{"start":{"line":304,"column":44},"end":{"line":304,"column":null}},"70":{"start":{"line":305,"column":12},"end":{"line":305,"column":null}},"71":{"start":{"line":305,"column":32},"end":{"line":305,"column":null}},"72":{"start":{"line":306,"column":12},"end":{"line":306,"column":null}},"73":{"start":{"line":306,"column":24},"end":{"line":306,"column":null}},"74":{"start":{"line":308,"column":10},"end":{"line":308,"column":null}},"75":{"start":{"line":312,"column":8},"end":{"line":312,"column":null}},"76":{"start":{"line":315,"column":22},"end":{"line":315,"column":null}},"77":{"start":{"line":318,"column":8},"end":{"line":318,"column":null}},"78":{"start":{"line":320,"column":8},"end":{"line":333,"column":null}},"79":{"start":{"line":321,"column":26},"end":{"line":321,"column":null}},"80":{"start":{"line":322,"column":10},"end":{"line":322,"column":null}},"81":{"start":{"line":322,"column":24},"end":{"line":322,"column":null}},"82":{"start":{"line":324,"column":42},"end":{"line":324,"column":null}},"83":{"start":{"line":326,"column":10},"end":{"line":328,"column":null}},"84":{"start":{"line":327,"column":12},"end":{"line":327,"column":null}},"85":{"start":{"line":330,"column":10},"end":{"line":332,"column":null}},"86":{"start":{"line":331,"column":12},"end":{"line":331,"column":null}},"87":{"start":{"line":338,"column":6},"end":{"line":342,"column":null}},"88":{"start":{"line":339,"column":8},"end":{"line":339,"column":null}},"89":{"start":{"line":360,"column":32},"end":{"line":360,"column":null}}},"fnMap":{"0":{"name":"(anonymous_0)","decl":{"start":{"line":75,"column":9},"end":{"line":75,"column":null}},"loc":{"start":{"line":78,"column":28},"end":{"line":163,"column":null}},"line":78},"1":{"name":"(anonymous_1)","decl":{"start":{"line":181,"column":2},"end":{"line":181,"column":13}},"loc":{"start":{"line":181,"column":68},"end":{"line":214,"column":null}},"line":181},"2":{"name":"(anonymous_2)","decl":{"start":{"line":225,"column":2},"end":{"line":225,"column":22}},"loc":{"start":{"line":225,"column":42},"end":{"line":232,"column":null}},"line":225},"3":{"name":"(anonymous_3)","decl":{"start":{"line":248,"column":2},"end":{"line":248,"column":null}},"loc":{"start":{"line":252,"column":19},"end":{"line":265,"column":null}},"line":252},"4":{"name":"(anonymous_4)","decl":{"start":{"line":264,"column":15},"end":{"line":264,"column":30}},"loc":{"start":{"line":264,"column":42},"end":{"line":264,"column":null}},"line":264},"5":{"name":"(anonymous_5)","decl":{"start":{"line":284,"column":17},"end":{"line":284,"column":null}},"loc":{"start":{"line":287,"column":28},"end":{"line":344,"column":null}},"line":287}},"branchMap":{"0":{"loc":{"start":{"line":83,"column":6},"end":{"line":85,"column":null}},"type":"if","locations":[{"start":{"line":83,"column":6},"end":{"line":85,"column":null}},{"start":{},"end":{}}],"line":83},"1":{"loc":{"start":{"line":98,"column":8},"end":{"line":101,"column":null}},"type":"if","locations":[{"start":{"line":98,"column":8},"end":{"line":101,"column":null}},{"start":{},"end":{}}],"line":98},"2":{"loc":{"start":{"line":103,"column":25},"end":{"line":103,"column":null}},"type":"cond-expr","locations":[{"start":{"line":103,"column":48},"end":{"line":103,"column":54}},{"start":{"line":103,"column":54},"end":{"line":103,"column":null}}],"line":103},"3":{"loc":{"start":{"line":105,"column":8},"end":{"line":109,"column":null}},"type":"if","locations":[{"start":{"line":105,"column":8},"end":{"line":109,"column":null}},{"start":{},"end":{}}],"line":105},"4":{"loc":{"start":{"line":112,"column":14},"end":{"line":112,"column":null}},"type":"cond-expr","locations":[{"start":{"line":112,"column":37},"end":{"line":112,"column":43}},{"start":{"line":112,"column":43},"end":{"line":112,"column":null}}],"line":112},"5":{"loc":{"start":{"line":115,"column":6},"end":{"line":128,"column":null}},"type":"if","locations":[{"start":{"line":115,"column":6},"end":{"line":128,"column":null}},{"start":{},"end":{}}],"line":115},"6":{"loc":{"start":{"line":121,"column":8},"end":{"line":125,"column":null}},"type":"if","locations":[{"start":{"line":121,"column":8},"end":{"line":125,"column":null}},{"start":{},"end":{}}],"line":121},"7":{"loc":{"start":{"line":130,"column":6},"end":{"line":134,"column":null}},"type":"if","locations":[{"start":{"line":130,"column":6},"end":{"line":134,"column":null}},{"start":{},"end":{}}],"line":130},"8":{"loc":{"start":{"line":139,"column":47},"end":{"line":139,"column":null}},"type":"binary-expr","locations":[{"start":{"line":139,"column":47},"end":{"line":139,"column":65}},{"start":{"line":139,"column":65},"end":{"line":139,"column":null}}],"line":139},"9":{"loc":{"start":{"line":143,"column":8},"end":{"line":146,"column":null}},"type":"if","locations":[{"start":{"line":143,"column":8},"end":{"line":146,"column":null}},{"start":{},"end":{}}],"line":143},"10":{"loc":{"start":{"line":149,"column":25},"end":{"line":149,"column":null}},"type":"cond-expr","locations":[{"start":{"line":149,"column":48},"end":{"line":149,"column":54}},{"start":{"line":149,"column":54},"end":{"line":149,"column":null}}],"line":149},"11":{"loc":{"start":{"line":152,"column":6},"end":{"line":156,"column":null}},"type":"if","locations":[{"start":{"line":152,"column":6},"end":{"line":156,"column":null}},{"start":{},"end":{}}],"line":152},"12":{"loc":{"start":{"line":152,"column":10},"end":{"line":152,"column":65}},"type":"binary-expr","locations":[{"start":{"line":152,"column":10},"end":{"line":152,"column":31}},{"start":{"line":152,"column":31},"end":{"line":152,"column":65}}],"line":152},"13":{"loc":{"start":{"line":184,"column":4},"end":{"line":186,"column":null}},"type":"if","locations":[{"start":{"line":184,"column":4},"end":{"line":186,"column":null}},{"start":{},"end":{}}],"line":184},"14":{"loc":{"start":{"line":191,"column":4},"end":{"line":193,"column":null}},"type":"if","locations":[{"start":{"line":191,"column":4},"end":{"line":193,"column":null}},{"start":{},"end":{}}],"line":191},"15":{"loc":{"start":{"line":201,"column":6},"end":{"line":203,"column":null}},"type":"if","locations":[{"start":{"line":201,"column":6},"end":{"line":203,"column":null}},{"start":{},"end":{}}],"line":201},"16":{"loc":{"start":{"line":201,"column":10},"end":{"line":201,"column":73}},"type":"binary-expr","locations":[{"start":{"line":201,"column":10},"end":{"line":201,"column":33}},{"start":{"line":201,"column":33},"end":{"line":201,"column":51}},{"start":{"line":201,"column":51},"end":{"line":201,"column":73}}],"line":201},"17":{"loc":{"start":{"line":206,"column":6},"end":{"line":208,"column":null}},"type":"if","locations":[{"start":{"line":206,"column":6},"end":{"line":208,"column":null}},{"start":{},"end":{}}],"line":206},"18":{"loc":{"start":{"line":226,"column":4},"end":{"line":231,"column":null}},"type":"if","locations":[{"start":{"line":226,"column":4},"end":{"line":231,"column":null}},{"start":{},"end":{}}],"line":226},"19":{"loc":{"start":{"line":227,"column":6},"end":{"line":228,"column":null}},"type":"binary-expr","locations":[{"start":{"line":227,"column":6},"end":{"line":227,"column":null}},{"start":{"line":228,"column":6},"end":{"line":228,"column":null}}],"line":227},"20":{"loc":{"start":{"line":255,"column":4},"end":{"line":262,"column":null}},"type":"if","locations":[{"start":{"line":255,"column":4},"end":{"line":262,"column":null}},{"start":{},"end":{}}],"line":255},"21":{"loc":{"start":{"line":256,"column":6},"end":{"line":257,"column":null}},"type":"binary-expr","locations":[{"start":{"line":256,"column":6},"end":{"line":256,"column":null}},{"start":{"line":257,"column":6},"end":{"line":257,"column":null}}],"line":256},"22":{"loc":{"start":{"line":295,"column":8},"end":{"line":297,"column":null}},"type":"if","locations":[{"start":{"line":295,"column":8},"end":{"line":297,"column":null}},{"start":{},"end":{}}],"line":295},"23":{"loc":{"start":{"line":301,"column":8},"end":{"line":309,"column":null}},"type":"if","locations":[{"start":{"line":301,"column":8},"end":{"line":309,"column":null}},{"start":{},"end":{}}],"line":301},"24":{"loc":{"start":{"line":303,"column":10},"end":{"line":307,"column":null}},"type":"if","locations":[{"start":{"line":303,"column":10},"end":{"line":307,"column":null}},{"start":{},"end":{}}],"line":303},"25":{"loc":{"start":{"line":305,"column":12},"end":{"line":305,"column":null}},"type":"if","locations":[{"start":{"line":305,"column":12},"end":{"line":305,"column":null}},{"start":{},"end":{}}],"line":305},"26":{"loc":{"start":{"line":306,"column":12},"end":{"line":306,"column":null}},"type":"if","locations":[{"start":{"line":306,"column":12},"end":{"line":306,"column":null}},{"start":{},"end":{}}],"line":306},"27":{"loc":{"start":{"line":318,"column":17},"end":{"line":318,"column":null}},"type":"binary-expr","locations":[{"start":{"line":318,"column":17},"end":{"line":318,"column":32}},{"start":{"line":318,"column":32},"end":{"line":318,"column":null}}],"line":318},"28":{"loc":{"start":{"line":322,"column":10},"end":{"line":322,"column":null}},"type":"if","locations":[{"start":{"line":322,"column":10},"end":{"line":322,"column":null}},{"start":{},"end":{}}],"line":322},"29":{"loc":{"start":{"line":326,"column":10},"end":{"line":328,"column":null}},"type":"if","locations":[{"start":{"line":326,"column":10},"end":{"line":328,"column":null}},{"start":{},"end":{}}],"line":326},"30":{"loc":{"start":{"line":330,"column":10},"end":{"line":332,"column":null}},"type":"if","locations":[{"start":{"line":330,"column":10},"end":{"line":332,"column":null}},{"start":{},"end":{}}],"line":330}},"s":{"0":1,"1":1,"2":15,"3":15,"4":28,"5":1,"6":27,"7":27,"8":13,"9":0,"10":13,"11":13,"12":10,"13":10,"14":10,"15":3,"16":14,"17":4,"18":4,"19":4,"20":3,"21":3,"22":3,"23":1,"24":10,"25":1,"26":9,"27":9,"28":9,"29":9,"30":0,"31":0,"32":0,"33":0,"34":0,"35":0,"36":0,"37":0,"38":0,"39":34,"40":34,"41":5,"42":29,"43":29,"44":8,"45":21,"46":21,"47":21,"48":2,"49":17,"50":15,"51":4,"52":17,"53":17,"54":13,"55":13,"56":13,"57":13,"58":13,"59":9,"60":9,"61":9,"62":9,"63":9,"64":20,"65":1,"66":19,"67":19,"68":0,"69":0,"70":0,"71":0,"72":0,"73":0,"74":0,"75":19,"76":19,"77":19,"78":20,"79":20,"80":20,"81":1,"82":19,"83":19,"84":11,"85":19,"86":8,"87":9,"88":9,"89":1},"f":{"0":15,"1":34,"2":17,"3":13,"4":13,"5":9},"b":{"0":[1,27],"1":[0,13],"2":[13,0],"3":[10,3],"4":[3,0],"5":[4,10],"6":[3,1],"7":[1,9],"8":[9,8],"9":[0,0],"10":[0,0],"11":[0,0],"12":[0,0],"13":[5,29],"14":[8,21],"15":[2,19],"16":[21,2,2],"17":[15,2],"18":[17,0],"19":[17,0],"20":[13,0],"21":[13,0],"22":[1,19],"23":[0,19],"24":[0,0],"25":[0,0],"26":[0,0],"27":[19,0],"28":[1,19],"29":[11,8],"30":[8,11]},"meta":{"lastBranch":31,"lastFunction":6,"lastStatement":90,"seen":{"s:25:31:25:Infinity":0,"s:28:32:28:Infinity":1,"f:75:9:75:Infinity":0,"s:79:18:79:Infinity":2,"s:81:4:162:Infinity":3,"b:83:6:85:Infinity:undefined:undefined:undefined:undefined":0,"s:83:6:85:Infinity":4,"s:84:8:84:Infinity":5,"s:88:6:113:Infinity":6,"s:89:8:95:Infinity":7,"b:98:8:101:Infinity:undefined:undefined:undefined:undefined":1,"s:98:8:101:Infinity":8,"s:100:10:100:Infinity":9,"s:103:8:103:Infinity":10,"b:103:48:103:54:103:54:103:Infinity":2,"b:105:8:109:Infinity:undefined:undefined:undefined:undefined":3,"s:105:8:109:Infinity":11,"s:106:10:106:Infinity":12,"s:107:10:107:Infinity":13,"s:108:10:108:Infinity":14,"s:112:8:112:Infinity":15,"b:112:37:112:43:112:43:112:Infinity":4,"b:115:6:128:Infinity:undefined:undefined:undefined:undefined":5,"s:115:6:128:Infinity":16,"s:116:26:118:Infinity":17,"s:119:8:119:Infinity":18,"b:121:8:125:Infinity:undefined:undefined:undefined:undefined":6,"s:121:8:125:Infinity":19,"s:122:10:122:Infinity":20,"s:123:10:123:Infinity":21,"s:124:10:124:Infinity":22,"s:127:8:127:Infinity":23,"b:130:6:134:Infinity:undefined:undefined:undefined:undefined":7,"s:130:6:134:Infinity":24,"s:131:8:132:Infinity":25,"s:137:30:137:Infinity":26,"s:138:6:150:Infinity":27,"s:139:8:139:Infinity":28,"b:139:47:139:65:139:65:139:Infinity":8,"s:141:8:141:Infinity":29,"b:143:8:146:Infinity:undefined:undefined:undefined:undefined":9,"s:143:8:146:Infinity":30,"s:145:10:145:Infinity":31,"s:148:8:148:Infinity":32,"s:149:8:149:Infinity":33,"b:149:48:149:54:149:54:149:Infinity":10,"b:152:6:156:Infinity:undefined:undefined:undefined:undefined":11,"s:152:6:156:Infinity":34,"b:152:10:152:31:152:31:152:65":12,"s:153:8:153:Infinity":35,"s:154:8:154:Infinity":36,"s:155:8:155:Infinity":37,"s:159:6:161:Infinity":38,"f:181:2:181:13":1,"s:182:20:182:Infinity":39,"b:184:4:186:Infinity:undefined:undefined:undefined:undefined":13,"s:184:4:186:Infinity":40,"s:185:6:185:Infinity":41,"s:188:20:188:Infinity":42,"b:191:4:193:Infinity:undefined:undefined:undefined:undefined":14,"s:191:4:193:Infinity":43,"s:192:6:192:Infinity":44,"s:195:4:211:Infinity":45,"s:196:21:196:Infinity":46,"b:201:6:203:Infinity:undefined:undefined:undefined:undefined":15,"s:201:6:203:Infinity":47,"b:201:10:201:33:201:33:201:51:201:51:201:73":16,"s:202:8:202:Infinity":48,"b:206:6:208:Infinity:undefined:undefined:undefined:undefined":17,"s:206:6:208:Infinity":49,"s:207:8:207:Infinity":50,"s:213:4:213:Infinity":51,"f:225:2:225:22":2,"b:226:4:231:Infinity:undefined:undefined:undefined:undefined":18,"s:226:4:231:Infinity":52,"b:227:6:227:Infinity:228:6:228:Infinity":19,"s:230:6:230:Infinity":53,"f:248:2:248:Infinity":3,"s:253:20:253:Infinity":54,"b:255:4:262:Infinity:undefined:undefined:undefined:undefined":20,"s:255:4:262:Infinity":55,"b:256:6:256:Infinity:257:6:257:Infinity":21,"s:259:6:261:Infinity":56,"s:264:4:264:Infinity":57,"f:264:15:264:30":4,"s:264:42:264:Infinity":58,"f:284:17:284:Infinity":5,"s:288:19:288:Infinity":59,"s:289:20:289:Infinity":60,"s:290:17:290:Infinity":61,"s:292:4:343:Infinity":62,"s:293:6:334:Infinity":63,"b:295:8:297:Infinity:undefined:undefined:undefined:undefined":22,"s:295:8:297:Infinity":64,"s:296:10:296:Infinity":65,"s:299:32:299:Infinity":66,"b:301:8:309:Infinity:undefined:undefined:undefined:undefined":23,"s:301:8:309:Infinity":67,"b:303:10:307:Infinity:undefined:undefined:undefined:undefined":24,"s:303:10:307:Infinity":68,"s:304:44:304:Infinity":69,"b:305:12:305:Infinity:undefined:undefined:undefined:undefined":25,"s:305:12:305:Infinity":70,"s:305:32:305:Infinity":71,"b:306:12:306:Infinity:undefined:undefined:undefined:undefined":26,"s:306:12:306:Infinity":72,"s:306:24:306:Infinity":73,"s:308:10:308:Infinity":74,"s:312:8:312:Infinity":75,"s:315:22:315:Infinity":76,"s:318:8:318:Infinity":77,"b:318:17:318:32:318:32:318:Infinity":27,"s:320:8:333:Infinity":78,"s:321:26:321:Infinity":79,"b:322:10:322:Infinity:undefined:undefined:undefined:undefined":28,"s:322:10:322:Infinity":80,"s:322:24:322:Infinity":81,"s:324:42:324:Infinity":82,"b:326:10:328:Infinity:undefined:undefined:undefined:undefined":29,"s:326:10:328:Infinity":83,"s:327:12:327:Infinity":84,"b:330:10:332:Infinity:undefined:undefined:undefined:undefined":30,"s:330:10:332:Infinity":85,"s:331:12:331:Infinity":86,"s:338:6:342:Infinity":87,"s:339:8:339:Infinity":88,"s:360:32:360:Infinity":89}}}
}
